/home/oguzziya/miniconda3/envs/phiflow-py36/lib/python3.6/site-packages/tensorflow/python/framework/dtypes.py:516: FutureWarning: Passing (type, 1) or '1type' as a synonym of type is deprecated; in a future version of numpy, it will be understood as (type, (1,)) / '(1,)type'.
  _np_qint8 = np.dtype([("qint8", np.int8, 1)])
/home/oguzziya/miniconda3/envs/phiflow-py36/lib/python3.6/site-packages/tensorflow/python/framework/dtypes.py:517: FutureWarning: Passing (type, 1) or '1type' as a synonym of type is deprecated; in a future version of numpy, it will be understood as (type, (1,)) / '(1,)type'.
  _np_quint8 = np.dtype([("quint8", np.uint8, 1)])
/home/oguzziya/miniconda3/envs/phiflow-py36/lib/python3.6/site-packages/tensorflow/python/framework/dtypes.py:518: FutureWarning: Passing (type, 1) or '1type' as a synonym of type is deprecated; in a future version of numpy, it will be understood as (type, (1,)) / '(1,)type'.
  _np_qint16 = np.dtype([("qint16", np.int16, 1)])
/home/oguzziya/miniconda3/envs/phiflow-py36/lib/python3.6/site-packages/tensorflow/python/framework/dtypes.py:519: FutureWarning: Passing (type, 1) or '1type' as a synonym of type is deprecated; in a future version of numpy, it will be understood as (type, (1,)) / '(1,)type'.
  _np_quint16 = np.dtype([("quint16", np.uint16, 1)])
/home/oguzziya/miniconda3/envs/phiflow-py36/lib/python3.6/site-packages/tensorflow/python/framework/dtypes.py:520: FutureWarning: Passing (type, 1) or '1type' as a synonym of type is deprecated; in a future version of numpy, it will be understood as (type, (1,)) / '(1,)type'.
  _np_qint32 = np.dtype([("qint32", np.int32, 1)])
/home/oguzziya/miniconda3/envs/phiflow-py36/lib/python3.6/site-packages/tensorflow/python/framework/dtypes.py:525: FutureWarning: Passing (type, 1) or '1type' as a synonym of type is deprecated; in a future version of numpy, it will be understood as (type, (1,)) / '(1,)type'.
  np_resource = np.dtype([("resource", np.ubyte, 1)])
/home/oguzziya/miniconda3/envs/phiflow-py36/lib/python3.6/site-packages/tensorboard/compat/tensorflow_stub/dtypes.py:541: FutureWarning: Passing (type, 1) or '1type' as a synonym of type is deprecated; in a future version of numpy, it will be understood as (type, (1,)) / '(1,)type'.
  _np_qint8 = np.dtype([("qint8", np.int8, 1)])
/home/oguzziya/miniconda3/envs/phiflow-py36/lib/python3.6/site-packages/tensorboard/compat/tensorflow_stub/dtypes.py:542: FutureWarning: Passing (type, 1) or '1type' as a synonym of type is deprecated; in a future version of numpy, it will be understood as (type, (1,)) / '(1,)type'.
  _np_quint8 = np.dtype([("quint8", np.uint8, 1)])
/home/oguzziya/miniconda3/envs/phiflow-py36/lib/python3.6/site-packages/tensorboard/compat/tensorflow_stub/dtypes.py:543: FutureWarning: Passing (type, 1) or '1type' as a synonym of type is deprecated; in a future version of numpy, it will be understood as (type, (1,)) / '(1,)type'.
  _np_qint16 = np.dtype([("qint16", np.int16, 1)])
/home/oguzziya/miniconda3/envs/phiflow-py36/lib/python3.6/site-packages/tensorboard/compat/tensorflow_stub/dtypes.py:544: FutureWarning: Passing (type, 1) or '1type' as a synonym of type is deprecated; in a future version of numpy, it will be understood as (type, (1,)) / '(1,)type'.
  _np_quint16 = np.dtype([("quint16", np.uint16, 1)])
/home/oguzziya/miniconda3/envs/phiflow-py36/lib/python3.6/site-packages/tensorboard/compat/tensorflow_stub/dtypes.py:545: FutureWarning: Passing (type, 1) or '1type' as a synonym of type is deprecated; in a future version of numpy, it will be understood as (type, (1,)) / '(1,)type'.
  _np_qint32 = np.dtype([("qint32", np.int32, 1)])
/home/oguzziya/miniconda3/envs/phiflow-py36/lib/python3.6/site-packages/tensorboard/compat/tensorflow_stub/dtypes.py:550: FutureWarning: Passing (type, 1) or '1type' as a synonym of type is deprecated; in a future version of numpy, it will be understood as (type, (1,)) / '(1,)type'.
  np_resource = np.dtype([("resource", np.ubyte, 1)])
/home/oguzziya/miniconda3/envs/phiflow-py36/lib/python3.6/site-packages/phi/viz/display.py:80: UserWarning: GUI is disabled because of missing dependencies: No module named 'dash_core_components'. To install all dependencies, run $ pip install phiflow[gui]
  warnings.warn('GUI is disabled because of missing dependencies: %s. To install all dependencies, run $ pip install phiflow[gui]' % import_error)
WARNING:tensorflow:From /home/oguzziya/miniconda3/envs/phiflow-py36/lib/python3.6/site-packages/phi/tf/util.py:119: The name tf.AUTO_REUSE is deprecated. Please use tf.compat.v1.AUTO_REUSE instead.

WARNING:tensorflow:From /home/oguzziya/miniconda3/envs/phiflow-py36/lib/python3.6/site-packages/phi/tf/profiling.py:12: The name tf.RunOptions is deprecated. Please use tf.compat.v1.RunOptions instead.

WARNING:tensorflow:From /home/oguzziya/miniconda3/envs/phiflow-py36/lib/python3.6/site-packages/phi/tf/profiling.py:13: The name tf.RunMetadata is deprecated. Please use tf.compat.v1.RunMetadata instead.

/home/oguzziya/miniconda3/envs/phiflow-py36/lib/python3.6/site-packages/phi/tf/flow.py:15: UserWarning: TensorFlow-CUDA solver is not available. To compile it, download phiflow sources and run
$ python setup.py tf_cuda
before reinstalling phiflow.
  warnings.warn("TensorFlow-CUDA solver is not available. To compile it, download phiflow sources and run\n$ python setup.py tf_cuda\nbefore reinstalling phiflow.")
WARNING:tensorflow:From /home/oguzziya/miniconda3/envs/phiflow-py36/lib/python3.6/site-packages/phi/tf/session.py:17: The name tf.Session is deprecated. Please use tf.compat.v1.Session instead.

2021-01-12 19:20:52.296442: I tensorflow/stream_executor/platform/default/dso_loader.cc:42] Successfully opened dynamic library libcuda.so.1
==23816== NVPROF is profiling process 23816, command: python ../manual_fluid_numpy_or_tf.py 128
2021-01-12 19:20:52.446487: I tensorflow/stream_executor/cuda/cuda_gpu_executor.cc:1005] successful NUMA node read from SysFS had negative value (-1), but there must be at least one NUMA node, so returning NUMA node zero
2021-01-12 19:20:52.446890: I tensorflow/core/common_runtime/gpu/gpu_device.cc:1640] Found device 0 with properties: 
name: GeForce GTX 960M major: 5 minor: 0 memoryClockRate(GHz): 1.176
pciBusID: 0000:01:00.0
2021-01-12 19:20:52.447081: I tensorflow/stream_executor/platform/default/dso_loader.cc:42] Successfully opened dynamic library libcudart.so.10.1
2021-01-12 19:20:52.448588: I tensorflow/stream_executor/platform/default/dso_loader.cc:42] Successfully opened dynamic library libcublas.so.10
2021-01-12 19:20:52.449996: I tensorflow/stream_executor/platform/default/dso_loader.cc:42] Successfully opened dynamic library libcufft.so.10
2021-01-12 19:20:52.450245: I tensorflow/stream_executor/platform/default/dso_loader.cc:42] Successfully opened dynamic library libcurand.so.10
2021-01-12 19:20:52.451862: I tensorflow/stream_executor/platform/default/dso_loader.cc:42] Successfully opened dynamic library libcusolver.so.10
2021-01-12 19:20:52.452777: I tensorflow/stream_executor/platform/default/dso_loader.cc:42] Successfully opened dynamic library libcusparse.so.10
2021-01-12 19:20:52.457080: I tensorflow/stream_executor/platform/default/dso_loader.cc:42] Successfully opened dynamic library libcudnn.so.7
2021-01-12 19:20:52.457259: I tensorflow/stream_executor/cuda/cuda_gpu_executor.cc:1005] successful NUMA node read from SysFS had negative value (-1), but there must be at least one NUMA node, so returning NUMA node zero
2021-01-12 19:20:52.457860: I tensorflow/stream_executor/cuda/cuda_gpu_executor.cc:1005] successful NUMA node read from SysFS had negative value (-1), but there must be at least one NUMA node, so returning NUMA node zero
2021-01-12 19:20:52.458297: I tensorflow/core/common_runtime/gpu/gpu_device.cc:1763] Adding visible gpu devices: 0
2021-01-12 19:20:52.458608: I tensorflow/core/platform/cpu_feature_guard.cc:142] Your CPU supports instructions that this TensorFlow binary was not compiled to use: SSE4.1 SSE4.2 AVX AVX2 FMA
2021-01-12 19:20:52.463258: I tensorflow/core/platform/profile_utils/cpu_utils.cc:94] CPU Frequency: 2594070000 Hz
2021-01-12 19:20:52.463567: I tensorflow/compiler/xla/service/service.cc:168] XLA service 0x557837f160b0 executing computations on platform Host. Devices:
2021-01-12 19:20:52.463595: I tensorflow/compiler/xla/service/service.cc:175]   StreamExecutor device (0): <undefined>, <undefined>
2021-01-12 19:20:52.463753: I tensorflow/stream_executor/cuda/cuda_gpu_executor.cc:1005] successful NUMA node read from SysFS had negative value (-1), but there must be at least one NUMA node, so returning NUMA node zero
2021-01-12 19:20:52.464082: I tensorflow/core/common_runtime/gpu/gpu_device.cc:1640] Found device 0 with properties: 
name: GeForce GTX 960M major: 5 minor: 0 memoryClockRate(GHz): 1.176
pciBusID: 0000:01:00.0
2021-01-12 19:20:52.464117: I tensorflow/stream_executor/platform/default/dso_loader.cc:42] Successfully opened dynamic library libcudart.so.10.1
2021-01-12 19:20:52.464131: I tensorflow/stream_executor/platform/default/dso_loader.cc:42] Successfully opened dynamic library libcublas.so.10
2021-01-12 19:20:52.464142: I tensorflow/stream_executor/platform/default/dso_loader.cc:42] Successfully opened dynamic library libcufft.so.10
2021-01-12 19:20:52.464153: I tensorflow/stream_executor/platform/default/dso_loader.cc:42] Successfully opened dynamic library libcurand.so.10
2021-01-12 19:20:52.464164: I tensorflow/stream_executor/platform/default/dso_loader.cc:42] Successfully opened dynamic library libcusolver.so.10
2021-01-12 19:20:52.464175: I tensorflow/stream_executor/platform/default/dso_loader.cc:42] Successfully opened dynamic library libcusparse.so.10
2021-01-12 19:20:52.464186: I tensorflow/stream_executor/platform/default/dso_loader.cc:42] Successfully opened dynamic library libcudnn.so.7
2021-01-12 19:20:52.464233: I tensorflow/stream_executor/cuda/cuda_gpu_executor.cc:1005] successful NUMA node read from SysFS had negative value (-1), but there must be at least one NUMA node, so returning NUMA node zero
2021-01-12 19:20:52.464554: I tensorflow/stream_executor/cuda/cuda_gpu_executor.cc:1005] successful NUMA node read from SysFS had negative value (-1), but there must be at least one NUMA node, so returning NUMA node zero
2021-01-12 19:20:52.464823: I tensorflow/core/common_runtime/gpu/gpu_device.cc:1763] Adding visible gpu devices: 0
2021-01-12 19:20:52.464849: I tensorflow/stream_executor/platform/default/dso_loader.cc:42] Successfully opened dynamic library libcudart.so.10.1
2021-01-12 19:20:52.571634: I tensorflow/core/common_runtime/gpu/gpu_device.cc:1181] Device interconnect StreamExecutor with strength 1 edge matrix:
2021-01-12 19:20:52.571674: I tensorflow/core/common_runtime/gpu/gpu_device.cc:1187]      0 
2021-01-12 19:20:52.571680: I tensorflow/core/common_runtime/gpu/gpu_device.cc:1200] 0:   N 
2021-01-12 19:20:52.571814: I tensorflow/stream_executor/cuda/cuda_gpu_executor.cc:1005] successful NUMA node read from SysFS had negative value (-1), but there must be at least one NUMA node, so returning NUMA node zero
2021-01-12 19:20:52.572158: I tensorflow/stream_executor/cuda/cuda_gpu_executor.cc:1005] successful NUMA node read from SysFS had negative value (-1), but there must be at least one NUMA node, so returning NUMA node zero
2021-01-12 19:20:52.572474: I tensorflow/stream_executor/cuda/cuda_gpu_executor.cc:1005] successful NUMA node read from SysFS had negative value (-1), but there must be at least one NUMA node, so returning NUMA node zero
2021-01-12 19:20:52.572765: I tensorflow/core/common_runtime/gpu/gpu_device.cc:1326] Created TensorFlow device (/job:localhost/replica:0/task:0/device:GPU:0 with 3642 MB memory) -> physical GPU (device: 0, name: GeForce GTX 960M, pci bus id: 0000:01:00.0, compute capability: 5.0)
2021-01-12 19:20:52.574109: I tensorflow/compiler/xla/service/service.cc:168] XLA service 0x55783e7152a0 executing computations on platform CUDA. Devices:
2021-01-12 19:20:52.574134: I tensorflow/compiler/xla/service/service.cc:175]   StreamExecutor device (0): GeForce GTX 960M, Compute Capability 5.0
WARNING:tensorflow:From /home/oguzziya/miniconda3/envs/phiflow-py36/lib/python3.6/site-packages/phi/tf/session.py:18: The name tf.get_default_graph is deprecated. Please use tf.compat.v1.get_default_graph instead.

WARNING:tensorflow:From /home/oguzziya/miniconda3/envs/phiflow-py36/lib/python3.6/site-packages/phi/tf/tf_backend.py:287: to_complex64 (from tensorflow.python.ops.math_ops) is deprecated and will be removed in a future version.
Instructions for updating:
Use `tf.cast` instead.
2021-01-12 19:20:56.634004: I tensorflow/stream_executor/platform/default/dso_loader.cc:42] Successfully opened dynamic library libcufft.so.10
2021-01-12 19:20:56.981761: I tensorflow/stream_executor/platform/default/dso_loader.cc:42] Successfully opened dynamic library libcublas.so.10
Could not load resample cuda libraries: CUDA binaries not found at /home/oguzziya/miniconda3/envs/phiflow-py36/lib/python3.6/site-packages/phi/tf/cuda/build/resample.so. Run "python setup.py cuda" to compile them
==23816== Profiling application: python ../manual_fluid_numpy_or_tf.py 128
==23816== Profiling result:
            Type  Time(%)      Time     Calls       Avg       Min       Max  Name
 GPU activities:   38.99%  77.027ms      2429  31.711us  28.544us  45.856us  void tensorflow::SparseTensorDenseMatMulKernel<float, __int64, bool=0, bool=0>(int, int, int, int, int, __int64 const *, float const *, float const , __int64 const **)
                    9.91%  19.581ms      7233  2.7070us  2.4320us  6.3360us  void tensorflow::functor::BlockReduceKernel<float*, float*, int=256, tensorflow::functor::Sum<float>>(float*, float*, int, float, std::iterator_traits<tensorflow::functor::BlockReduceKernel<float*, float*, int=256, tensorflow::functor::Sum<float>>>::value_type)
                    7.21%  14.245ms      7395  1.9260us  1.6960us  6.4960us  void Eigen::internal::EigenMetaKernel<Eigen::TensorEvaluator<Eigen::TensorAssignOp<Eigen::TensorMap<Eigen::Tensor<float, int=1, int=1, int>, int=16, Eigen::MakePointer>, Eigen::TensorCwiseBinaryOp<Eigen::internal::scalar_product_op<float, float>, Eigen::TensorMap<Eigen::Tensor<float const , int=1, int=1, int>, int=16, Eigen::MakePointer> const , Eigen::TensorMap<Eigen::Tensor<float const , int=1, int=1, long>, int=16, Eigen::MakePointer> const > const > const , Eigen::GpuDevice>, long>(float, int=1)
                    5.46%  10.776ms      7233  1.4890us  1.4400us  6.0480us  void tensorflow::functor::CleanupSegments<float*, float*, tensorflow::functor::Sum<float>>(float*, float*, int, int, int, float, std::iterator_traits<tensorflow::functor::CleanupSegments<float*, float*, tensorflow::functor::Sum<float>>>::value_type)
                    4.83%  9.5402ms      4822  1.9780us  1.3760us  7.2330us  void Eigen::internal::EigenMetaKernel<Eigen::TensorEvaluator<Eigen::TensorAssignOp<Eigen::TensorMap<Eigen::Tensor<float, int=1, int=1, int>, int=16, Eigen::MakePointer>, Eigen::TensorCwiseUnaryOp<Eigen::internal::scalar_right<float, float, Eigen::internal::div_no_nan_op<float>>, Eigen::TensorMap<Eigen::Tensor<float const , int=1, int=1, int>, int=16, Eigen::MakePointer> const > const > const , Eigen::GpuDevice>, int>(float, int=1)
                    4.72%  9.3229ms      4948  1.8840us  1.7280us  7.3920us  void Eigen::internal::EigenMetaKernel<Eigen::TensorEvaluator<Eigen::TensorAssignOp<Eigen::TensorMap<Eigen::Tensor<float, int=1, int=1, int>, int=16, Eigen::MakePointer>, Eigen::TensorCwiseBinaryOp<Eigen::internal::scalar_difference_op<float, float>, Eigen::TensorMap<Eigen::Tensor<float const , int=1, int=1, int>, int=16, Eigen::MakePointer> const , Eigen::TensorMap<Eigen::Tensor<float const , int=1, int=1, long>, int=16, Eigen::MakePointer> const > const > const , Eigen::GpuDevice>, long>(float, int=1)
                    4.40%  8.6896ms      4915  1.7670us  1.5360us  6.5280us  void Eigen::internal::EigenMetaKernel<Eigen::TensorEvaluator<Eigen::TensorAssignOp<Eigen::TensorMap<Eigen::Tensor<float, int=1, int=1, int>, int=16, Eigen::MakePointer>, Eigen::TensorCwiseUnaryOp<Eigen::internal::scalar_right<float, float, Eigen::internal::scalar_product_op<float, float>>, Eigen::TensorMap<Eigen::Tensor<float const , int=1, int=1, int>, int=16, Eigen::MakePointer> const > const > const , Eigen::GpuDevice>, int>(float, int=1)
                    3.72%  7.3420ms      2420  3.0330us  2.7520us  3.5840us  void tensorflow::functor::BlockReduceKernel<float*, float*, int=256, cub::Max>(float*, float*, int, cub::Max, std::iterator_traits<tensorflow::functor::BlockReduceKernel<float*, float*, int=256, cub::Max>>::value_type)
                    2.71%  5.3628ms      2585  2.0740us  1.7600us  5.8240us  void Eigen::internal::EigenMetaKernel<Eigen::TensorEvaluator<Eigen::TensorAssignOp<Eigen::TensorMap<Eigen::Tensor<float, int=1, int=1, int>, int=16, Eigen::MakePointer>, Eigen::TensorCwiseBinaryOp<Eigen::internal::scalar_sum_op<float, float>, Eigen::TensorMap<Eigen::Tensor<float const , int=1, int=1, int>, int=16, Eigen::MakePointer> const , Eigen::TensorMap<Eigen::Tensor<float const , int=1, int=1, long>, int=16, Eigen::MakePointer> const > const > const , Eigen::GpuDevice>, long>(float, int=1)
                    2.46%  4.8616ms      2420  2.0080us  1.5680us  5.3120us  void tensorflow::functor::CleanupSegments<float*, float*, cub::Max>(float*, float*, int, int, int, cub::Max, std::iterator_traits<tensorflow::functor::CleanupSegments<float*, float*, cub::Max>>::value_type)
                    2.43%  4.8080ms      4915     978ns     768ns  22.081us  [CUDA memcpy DtoH]
                    2.32%  4.5778ms      2603  1.7580us     512ns  132.51us  [CUDA memcpy HtoD]
                    2.09%  4.1259ms      2420  1.7040us  1.5680us  6.6560us  void Eigen::internal::EigenMetaKernel<Eigen::TensorEvaluator<Eigen::TensorAssignOp<Eigen::TensorMap<Eigen::Tensor<float, int=1, int=1, int>, int=16, Eigen::MakePointer>, Eigen::TensorCwiseUnaryOp<Eigen::internal::scalar_abs_op<float>, Eigen::TensorMap<Eigen::Tensor<float const , int=1, int=1, int>, int=16, Eigen::MakePointer> const > const > const , Eigen::GpuDevice>, int>(float, int=1)
                    1.98%  3.9127ms      2411  1.6220us  1.5360us  7.2960us  void Eigen::internal::EigenMetaKernel<Eigen::TensorEvaluator<Eigen::TensorAssignOp<Eigen::TensorMap<Eigen::Tensor<float, int=1, int=1, int>, int=16, Eigen::MakePointer>, Eigen::TensorCwiseUnaryOp<Eigen::internal::scalar_left<float, float, Eigen::internal::scalar_product_op<float, float>>, Eigen::TensorMap<Eigen::Tensor<float const , int=1, int=1, int>, int=16, Eigen::MakePointer> const > const > const , Eigen::GpuDevice>, int>(float, int=1)
                    1.73%  3.4240ms      2420  1.4140us  1.1840us  1.6960us  void Eigen::internal::EigenMetaKernel<Eigen::TensorEvaluator<Eigen::TensorAssignOp<Eigen::TensorMap<Eigen::Tensor<bool, int=1, int=1, int>, int=16, Eigen::MakePointer>, Eigen::TensorCwiseUnaryOp<Eigen::internal::scalar_right<bool, bool, Eigen::internal::scalar_boolean_and_op>, Eigen::TensorMap<Eigen::Tensor<bool const , int=1, int=1, int>, int=16, Eigen::MakePointer> const > const > const , Eigen::GpuDevice>, int>(bool, int=1)
                    1.73%  3.4233ms      2429  1.4090us  1.3120us  1.9520us  void Eigen::internal::EigenMetaKernel<Eigen::TensorEvaluator<Eigen::TensorAssignOp<Eigen::TensorMap<Eigen::Tensor<float, int=2, int=1, long>, int=16, Eigen::MakePointer>, Eigen::TensorCwiseNullaryOp<Eigen::internal::scalar_constant_op<float>, Eigen::TensorMap<Eigen::Tensor<float, int=2, int=1, long>, int=16, Eigen::MakePointer> const > const > const , Eigen::GpuDevice>, long>(float, int=2)
                    1.62%  3.1904ms      2420  1.3180us  1.0880us  6.8480us  void Eigen::internal::EigenMetaKernel<Eigen::TensorEvaluator<Eigen::TensorAssignOp<Eigen::TensorMap<Eigen::Tensor<bool, int=1, int=1, int>, int=16, Eigen::MakePointer>, Eigen::TensorCwiseUnaryOp<Eigen::internal::scalar_right<bool, float, Eigen::internal::greater<float>>, Eigen::TensorMap<Eigen::Tensor<float const , int=1, int=1, int>, int=16, Eigen::MakePointer> const > const > const , Eigen::GpuDevice>, int>(bool, int=1)
                    0.28%  548.32us       144  3.8070us  3.6160us  5.3440us  void Eigen::internal::EigenMetaKernel<Eigen::TensorEvaluator<Eigen::TensorAssignOp<Eigen::TensorMap<Eigen::Tensor<float, int=4, int=1, int>, int=16, Eigen::MakePointer>, Eigen::TensorSlicingOp<Eigen::DSizes<int, int=4> const , Eigen::DSizes<int, int=4> const , Eigen::TensorMap<Eigen::Tensor<float const , int=4, int=1, int>, int=16, Eigen::MakePointer> const > const > const , Eigen::GpuDevice>, int>(float, int=4)
                    0.27%  541.73us       108  5.0160us  4.5760us  7.0720us  void tensorflow::GatherSliceOpKernel<float, int, int=3>(float const *, int const *, tensorflow::GatherSliceOpKernel<float, int, int=3>*, Eigen::array<__int64, int=3>, Eigen::array, __int64, __int64, __int64)
                    0.17%  335.27us        27  12.417us  11.776us  13.920us  void Eigen::internal::EigenMetaKernel<Eigen::TensorEvaluator<Eigen::TensorAssignOp<Eigen::TensorMap<Eigen::Tensor<float, int=4, int=1, int>, int=16, Eigen::MakePointer>, Eigen::TensorPaddingOp<Eigen::array<Eigen::IndexPair<int>, unsigned long=4> const , Eigen::TensorMap<Eigen::Tensor<float const , int=4, int=1, int>, int=16, Eigen::MakePointer> const > const > const , Eigen::GpuDevice>, int>(float, int=4)
                    0.15%  293.25us       108  2.7150us  2.5920us  3.1360us  void Eigen::internal::EigenMetaKernel<Eigen::TensorEvaluator<Eigen::TensorAssignOp<Eigen::TensorMap<Eigen::Tensor<float, int=2, int=1, int>, int=16, Eigen::MakePointer>, Eigen::TensorSlicingOp<Eigen::DSizes<long, int=2> const , Eigen::DSizes<long, int=2> const , Eigen::TensorMap<Eigen::Tensor<float const , int=2, int=1, int>, int=16, Eigen::MakePointer> const > const > const , Eigen::GpuDevice>, int>(float, int=2)
                    0.14%  271.55us        36  7.5430us  7.3920us  7.8720us  void Eigen::internal::EigenMetaKernel<Eigen::TensorEvaluator<Eigen::TensorAssignOp<Eigen::TensorMap<Eigen::Tensor<float, int=4, int=1, int>, int=16, Eigen::MakePointer>, Eigen::TensorMirrorPadOp<Eigen::array<Eigen::IndexPair<int>, unsigned long=4>, Eigen::TensorMap<Eigen::Tensor<float const , int=4, int=1, int>, int=16, Eigen::MakePointer> const > const > const , Eigen::GpuDevice>, int>(float, int=4)
                    0.13%  263.75us        42  6.2790us  3.1680us  10.400us  void Eigen::internal::EigenMetaKernel<Eigen::TensorEvaluator<Eigen::TensorAssignOp<Eigen::TensorMap<Eigen::Tensor<float, int=3, int=1, int>, int=16, Eigen::MakePointer>, Eigen::TensorPaddingOp<Eigen::array<Eigen::IndexPair<int>, unsigned long=3> const , Eigen::TensorMap<Eigen::Tensor<float const , int=3, int=1, int>, int=16, Eigen::MakePointer> const > const > const , Eigen::GpuDevice>, int>(float, int=3)
                    0.07%  145.09us        54  2.6860us  2.5600us  3.1360us  void Eigen::internal::EigenMetaKernel<Eigen::TensorEvaluator<Eigen::TensorAssignOp<Eigen::TensorSlicingOp<Eigen::array<int, unsigned long=2> const , Eigen::array<int, unsigned long=2> const , Eigen::TensorMap<Eigen::Tensor<float, int=2, int=1, int>, int=16, Eigen::MakePointer>>, Eigen::TensorMap<Eigen::Tensor<float const , int=2, int=1, int>, int=16, Eigen::MakePointer> const > const , Eigen::GpuDevice>, int>(int, unsigned long=2)
                    0.05%  105.41us        27  3.9040us  3.6160us  4.3520us  void Eigen::internal::EigenMetaKernel<Eigen::TensorEvaluator<Eigen::TensorAssignOp<Eigen::TensorMap<Eigen::Tensor<float, int=2, int=1, int>, int=16, Eigen::MakePointer>, Eigen::TensorCwiseBinaryOp<Eigen::internal::scalar_sum_op<float, float>, Eigen::TensorBroadcastingOp<Eigen::array<long, unsigned long=2> const , Eigen::TensorMap<Eigen::Tensor<float const , int=2, int=1, int>, int=16, Eigen::MakePointer> const > const , Eigen::TensorMap<Eigen::Tensor<float const , int=2, int=1, int>, int=16, Eigen::MakePointer> const > const > const , Eigen::GpuDevice>, int>(float, int=2)
                    0.05%  103.27us        18  5.7360us  4.1920us  8.1920us  void vector_fft<unsigned int=128, unsigned int=8, unsigned int=2, padding_t=6, twiddle_t=0, loadstore_modifier_t=2, layout_t=0, unsigned int, float>(kernel_arguments_t<unsigned int>)
                    0.04%  83.489us         9  9.2760us  8.9610us  11.136us  void spRadix0128C::kernel1Mem<unsigned int, float, fftDirection_t=-1, unsigned int=16, unsigned int=4, L1, ALL, WRITEBACK>(kernel_parameters_t<fft_mem_radix1_t, unsigned int, float>)
                    0.04%  78.657us         9  8.7390us  8.6720us  8.8000us  void spRadix0128C::kernel1Mem<unsigned int, float, fftDirection_t=1, unsigned int=16, unsigned int=4, L1, ALL, WRITEBACK>(kernel_parameters_t<fft_mem_radix1_t, unsigned int, float>)
                    0.04%  72.225us        30  2.4070us  2.2080us  2.7840us  void Eigen::internal::EigenMetaKernel<Eigen::TensorEvaluator<Eigen::TensorAssignOp<Eigen::TensorMap<Eigen::Tensor<float, int=1, int=1, int>, int=16, Eigen::MakePointer>, Eigen::TensorCwiseUnaryOp<Eigen::internal::scalar_right<float, float, Eigen::internal::scalar_difference_op<float, float>>, Eigen::TensorMap<Eigen::Tensor<float const , int=1, int=1, int>, int=16, Eigen::MakePointer> const > const > const , Eigen::GpuDevice>, int>(float, int=1)
                    0.04%  69.346us        18  3.8520us  3.4880us  4.2240us  void Eigen::internal::EigenMetaKernel<Eigen::TensorEvaluator<Eigen::TensorAssignOp<Eigen::TensorMap<Eigen::Tensor<float, int=2, int=1, int>, int=16, Eigen::MakePointer>, Eigen::TensorCwiseBinaryOp<Eigen::internal::scalar_difference_op<float, float>, Eigen::TensorMap<Eigen::Tensor<float const , int=2, int=1, int>, int=16, Eigen::MakePointer> const , Eigen::TensorBroadcastingOp<Eigen::array<long, unsigned long=2> const , Eigen::TensorMap<Eigen::Tensor<float const , int=2, int=1, int>, int=16, Eigen::MakePointer> const > const > const > const , Eigen::GpuDevice>, int>(float, int=2)
                    0.03%  67.842us        27  2.5120us  2.4000us  2.6240us  void Eigen::internal::EigenMetaKernel<Eigen::TensorEvaluator<Eigen::TensorAssignOp<Eigen::TensorMap<Eigen::Tensor<int, int=1, int=1, long>, int=16, Eigen::MakePointer>, Eigen::TensorConversionOp<int, Eigen::TensorMap<Eigen::Tensor<float const , int=1, int=1, long>, int=16, Eigen::MakePointer> const > const > const , Eigen::GpuDevice>, long>(int, int=1)
                    0.03%  66.176us        27  2.4500us  2.1760us  2.9120us  void Eigen::internal::EigenMetaKernel<Eigen::TensorEvaluator<Eigen::TensorAssignOp<Eigen::TensorMap<Eigen::Tensor<float, int=1, int=1, int>, int=16, Eigen::MakePointer>, Eigen::TensorCwiseUnaryOp<Eigen::internal::scalar_left<float, float, Eigen::internal::scalar_difference_op<float, float>>, Eigen::TensorMap<Eigen::Tensor<float const , int=1, int=1, int>, int=16, Eigen::MakePointer> const > const > const , Eigen::GpuDevice>, int>(float, int=1)
                    0.03%  61.856us        27  2.2900us  2.1440us  2.5600us  void Eigen::internal::EigenMetaKernel<Eigen::TensorEvaluator<Eigen::TensorAssignOp<Eigen::TensorMap<Eigen::Tensor<float, int=1, int=1, int>, int=16, Eigen::MakePointer>, Eigen::TensorCwiseUnaryOp<Eigen::internal::scalar_floor_op<float>, Eigen::TensorMap<Eigen::Tensor<float const , int=1, int=1, int>, int=16, Eigen::MakePointer> const > const > const , Eigen::GpuDevice>, int>(float, int=1)
                    0.02%  47.168us         9  5.2400us  4.9600us  6.0160us  void Eigen::internal::EigenMetaKernel<Eigen::TensorEvaluator<Eigen::TensorAssignOp<Eigen::TensorMap<Eigen::Tensor<std::complex<float>, int=1, int=1, int>, int=16, Eigen::MakePointer>, Eigen::TensorCwiseBinaryOp<Eigen::internal::scalar_product_op<std::complex<float>, std::complex<float>>, Eigen::TensorMap<Eigen::Tensor<std::complex<float> const , int=1, int=1, int>, int=16, Eigen::MakePointer> const , Eigen::TensorMap<Eigen::Tensor<std::complex<float> const , int=1, int=1, long>, int=16, Eigen::MakePointer> const > const > const , Eigen::GpuDevice>, long>(float, std::complex<float>)
                    0.02%  40.096us        18  2.2270us  1.9520us  2.4960us  [CUDA memcpy DtoD]
                    0.02%  35.904us         9  3.9890us  3.9360us  4.0640us  void tensorflow::functor::ColumnReduceSimpleKernel<float*, float*, tensorflow::functor::Sum<float>>(float*, float*, int, int, int, float)
                    0.02%  35.136us         9  3.9040us  3.8400us  4.0320us  void Eigen::internal::EigenMetaKernel<Eigen::TensorEvaluator<Eigen::TensorAssignOp<Eigen::TensorMap<Eigen::Tensor<std::complex<float>, int=1, int=1, long>, int=16, Eigen::MakePointer>, Eigen::TensorConversionOp<std::complex<float>, Eigen::TensorMap<Eigen::Tensor<float const , int=1, int=1, long>, int=16, Eigen::MakePointer> const > const > const , Eigen::GpuDevice>, long>(float, std::complex<float>)
                    0.01%  28.320us         9  3.1460us  2.8800us  4.8640us  void scal_kernel_val<float2, float>(cublasScalParamsVal<float2, float>)
                    0.01%  20.128us         9  2.2360us  2.1440us  2.3360us  void Eigen::internal::EigenMetaKernel<Eigen::TensorEvaluator<Eigen::TensorAssignOp<Eigen::TensorMap<Eigen::Tensor<float, int=1, int=1, int>, int=16, Eigen::MakePointer>, Eigen::TensorCwiseUnaryOp<Eigen::internal::scalar_real_op<std::complex<float>>, Eigen::TensorMap<Eigen::Tensor<std::complex<float> const , int=1, int=1, int>, int=16, Eigen::MakePointer> const > const > const , Eigen::GpuDevice>, int>(float, int=1)
                    0.01%  13.184us         3  4.3940us  4.3200us  4.4480us  void Eigen::internal::EigenMetaKernel<Eigen::TensorEvaluator<Eigen::TensorAssignOp<Eigen::TensorMap<Eigen::Tensor<float, int=2, int=1, int>, int=16, Eigen::MakePointer>, Eigen::TensorCwiseBinaryOp<Eigen::internal::scalar_product_op<float, float>, Eigen::TensorBroadcastingOp<Eigen::array<long, unsigned long=2> const , Eigen::TensorMap<Eigen::Tensor<float const , int=2, int=1, int>, int=16, Eigen::MakePointer> const > const , Eigen::TensorMap<Eigen::Tensor<float const , int=2, int=1, int>, int=16, Eigen::MakePointer> const > const > const , Eigen::GpuDevice>, int>(float, int=2)
                    0.00%  7.2320us         3  2.4100us  2.4000us  2.4320us  void Eigen::internal::EigenMetaKernel<Eigen::TensorEvaluator<Eigen::TensorAssignOp<Eigen::TensorMap<Eigen::Tensor<float, int=1, int=1, long>, int=16, Eigen::MakePointer>, Eigen::TensorCwiseBinaryOp<Eigen::internal::scalar_sum_op<float const , float const >, Eigen::TensorMap<Eigen::Tensor<float const , int=1, int=1, long>, int=16, Eigen::MakePointer> const , Eigen::TensorMap<Eigen::Tensor<float const , int=1, int=1, long>, int=16, Eigen::MakePointer> const > const > const , Eigen::GpuDevice>, long>(float, int=1)
                    0.00%  1.3130us         1  1.3130us  1.3130us  1.3130us  [CUDA memset]
      API calls:   85.47%  7.36647s     59262  124.30us  3.7090us  1.00173s  cudaLaunchKernel
                   11.71%  1.00939s        22  45.881ms     993ns  414.52ms  cudaFree
                    1.59%  137.18ms       228  601.67us  2.3770us  35.873ms  cuModuleUnload
                    0.31%  26.523ms      4915  5.3960us  3.5330us  30.578us  cuMemcpyDtoHAsync
                    0.19%  16.390ms     14715  1.1130us     370ns  309.19us  cuEventQuery
                    0.17%  15.055ms     15034  1.0010us     378ns  21.036us  cudaPointerGetAttributes
                    0.16%  14.089ms     15082     934ns     347ns  688.93us  cuEventRecord
                    0.16%  13.747ms      2602  5.2830us  3.3430us  315.47us  cuMemcpyHtoDAsync
                    0.06%  5.3353ms      7541     707ns     466ns  11.901us  cuStreamWaitEvent
                    0.05%  4.4379ms         1  4.4379ms  4.4379ms  4.4379ms  cuMemAlloc
                    0.04%  3.0713ms        20  153.57us  107.51us  217.26us  cudaGetDeviceProperties
                    0.02%  2.1135ms        14  150.97us  67.325us  267.53us  cuDeviceTotalMem
                    0.02%  1.8822ms       655  2.8730us     146ns  123.70us  cuDeviceGetAttribute
                    0.01%  1.2518ms         2  625.92us  425.35us  826.48us  cuMemHostAlloc
                    0.00%  332.44us         3  110.81us  8.5780us  301.70us  cudaMalloc
                    0.00%  306.31us        14  21.879us  9.6010us  50.098us  cuDeviceGetName
                    0.00%  191.46us        18  10.636us  5.7680us  18.750us  cudaMemcpyAsync
                    0.00%  190.41us       288     661ns     339ns  3.1520us  cudaFuncSetCacheConfig
                    0.00%  133.57us        10  13.357us  1.3930us  106.28us  cuStreamCreate
                    0.00%  68.987us        92     749ns     264ns  2.7150us  cudaGetDevice
                    0.00%  29.281us        10  2.9280us  1.3170us  9.5020us  cuDeviceGetPCIBusId
                    0.00%  23.580us         1  23.580us  23.580us  23.580us  cuMemGetInfo
                    0.00%  22.540us        11  2.0490us     321ns  7.1150us  cuCtxSetCurrent
                    0.00%  21.549us        13  1.6570us     311ns  13.189us  cuEventCreate
                    0.00%  18.606us        39     477ns     138ns  2.2000us  cudaGetLastError
                    0.00%  17.253us         1  17.253us  17.253us  17.253us  cuMemsetD32
                    0.00%  16.302us         1  16.302us  16.302us  16.302us  cudaMemcpy
                    0.00%  14.378us         3  4.7920us  4.4100us  5.2780us  cuCtxSynchronize
                    0.00%  13.301us        16     831ns     578ns  3.7870us  cudaEventCreateWithFlags
                    0.00%  12.097us         5  2.4190us  2.0990us  2.6250us  cuInit
                    0.00%  11.003us        18     611ns     229ns  1.5240us  cudaPeekAtLastError
                    0.00%  7.6610us        16     478ns     197ns  2.3870us  cuDeviceGet
                    0.00%  7.1400us        18     396ns     229ns     661ns  cudaGetErrorString
                    0.00%  6.4040us        14     457ns     154ns  2.2420us  cuDriverGetVersion
                    0.00%  6.3270us        13     486ns     192ns  1.3820us  cuDeviceGetCount
                    0.00%  5.2590us        11     478ns     325ns  1.3520us  cudaDeviceGetAttribute
                    0.00%  2.9460us         2  1.4730us  1.2950us  1.6510us  cudaSetDevice
                    0.00%  1.5630us         4     390ns     282ns     494ns  cuDevicePrimaryCtxRelease
                    0.00%  1.3340us         5     266ns     252ns     292ns  cuDeviceGetUuid
                    0.00%     840ns         1     840ns     840ns     840ns  cudaGetDeviceCount
                    0.00%     409ns         1     409ns     409ns     409ns  cuDevicePrimaryCtxGetState
                    0.00%     348ns         1     348ns     348ns     348ns  cuDevicePrimaryCtxRetain
                    0.00%     257ns         1     257ns     257ns     257ns  cuCtxGetDevice
                    0.00%     220ns         1     220ns     220ns     220ns  cuCtxGetCurrent
