/home/oguzziya/miniconda3/envs/phiflow-py36/lib/python3.6/site-packages/tensorflow/python/framework/dtypes.py:516: FutureWarning: Passing (type, 1) or '1type' as a synonym of type is deprecated; in a future version of numpy, it will be understood as (type, (1,)) / '(1,)type'.
  _np_qint8 = np.dtype([("qint8", np.int8, 1)])
/home/oguzziya/miniconda3/envs/phiflow-py36/lib/python3.6/site-packages/tensorflow/python/framework/dtypes.py:517: FutureWarning: Passing (type, 1) or '1type' as a synonym of type is deprecated; in a future version of numpy, it will be understood as (type, (1,)) / '(1,)type'.
  _np_quint8 = np.dtype([("quint8", np.uint8, 1)])
/home/oguzziya/miniconda3/envs/phiflow-py36/lib/python3.6/site-packages/tensorflow/python/framework/dtypes.py:518: FutureWarning: Passing (type, 1) or '1type' as a synonym of type is deprecated; in a future version of numpy, it will be understood as (type, (1,)) / '(1,)type'.
  _np_qint16 = np.dtype([("qint16", np.int16, 1)])
/home/oguzziya/miniconda3/envs/phiflow-py36/lib/python3.6/site-packages/tensorflow/python/framework/dtypes.py:519: FutureWarning: Passing (type, 1) or '1type' as a synonym of type is deprecated; in a future version of numpy, it will be understood as (type, (1,)) / '(1,)type'.
  _np_quint16 = np.dtype([("quint16", np.uint16, 1)])
/home/oguzziya/miniconda3/envs/phiflow-py36/lib/python3.6/site-packages/tensorflow/python/framework/dtypes.py:520: FutureWarning: Passing (type, 1) or '1type' as a synonym of type is deprecated; in a future version of numpy, it will be understood as (type, (1,)) / '(1,)type'.
  _np_qint32 = np.dtype([("qint32", np.int32, 1)])
/home/oguzziya/miniconda3/envs/phiflow-py36/lib/python3.6/site-packages/tensorflow/python/framework/dtypes.py:525: FutureWarning: Passing (type, 1) or '1type' as a synonym of type is deprecated; in a future version of numpy, it will be understood as (type, (1,)) / '(1,)type'.
  np_resource = np.dtype([("resource", np.ubyte, 1)])
/home/oguzziya/miniconda3/envs/phiflow-py36/lib/python3.6/site-packages/tensorboard/compat/tensorflow_stub/dtypes.py:541: FutureWarning: Passing (type, 1) or '1type' as a synonym of type is deprecated; in a future version of numpy, it will be understood as (type, (1,)) / '(1,)type'.
  _np_qint8 = np.dtype([("qint8", np.int8, 1)])
/home/oguzziya/miniconda3/envs/phiflow-py36/lib/python3.6/site-packages/tensorboard/compat/tensorflow_stub/dtypes.py:542: FutureWarning: Passing (type, 1) or '1type' as a synonym of type is deprecated; in a future version of numpy, it will be understood as (type, (1,)) / '(1,)type'.
  _np_quint8 = np.dtype([("quint8", np.uint8, 1)])
/home/oguzziya/miniconda3/envs/phiflow-py36/lib/python3.6/site-packages/tensorboard/compat/tensorflow_stub/dtypes.py:543: FutureWarning: Passing (type, 1) or '1type' as a synonym of type is deprecated; in a future version of numpy, it will be understood as (type, (1,)) / '(1,)type'.
  _np_qint16 = np.dtype([("qint16", np.int16, 1)])
/home/oguzziya/miniconda3/envs/phiflow-py36/lib/python3.6/site-packages/tensorboard/compat/tensorflow_stub/dtypes.py:544: FutureWarning: Passing (type, 1) or '1type' as a synonym of type is deprecated; in a future version of numpy, it will be understood as (type, (1,)) / '(1,)type'.
  _np_quint16 = np.dtype([("quint16", np.uint16, 1)])
/home/oguzziya/miniconda3/envs/phiflow-py36/lib/python3.6/site-packages/tensorboard/compat/tensorflow_stub/dtypes.py:545: FutureWarning: Passing (type, 1) or '1type' as a synonym of type is deprecated; in a future version of numpy, it will be understood as (type, (1,)) / '(1,)type'.
  _np_qint32 = np.dtype([("qint32", np.int32, 1)])
/home/oguzziya/miniconda3/envs/phiflow-py36/lib/python3.6/site-packages/tensorboard/compat/tensorflow_stub/dtypes.py:550: FutureWarning: Passing (type, 1) or '1type' as a synonym of type is deprecated; in a future version of numpy, it will be understood as (type, (1,)) / '(1,)type'.
  np_resource = np.dtype([("resource", np.ubyte, 1)])
/home/oguzziya/miniconda3/envs/phiflow-py36/lib/python3.6/site-packages/phi/viz/display.py:80: UserWarning: GUI is disabled because of missing dependencies: No module named 'dash_core_components'. To install all dependencies, run $ pip install phiflow[gui]
  warnings.warn('GUI is disabled because of missing dependencies: %s. To install all dependencies, run $ pip install phiflow[gui]' % import_error)
WARNING:tensorflow:From /home/oguzziya/miniconda3/envs/phiflow-py36/lib/python3.6/site-packages/phi/tf/util.py:119: The name tf.AUTO_REUSE is deprecated. Please use tf.compat.v1.AUTO_REUSE instead.

WARNING:tensorflow:From /home/oguzziya/miniconda3/envs/phiflow-py36/lib/python3.6/site-packages/phi/tf/profiling.py:12: The name tf.RunOptions is deprecated. Please use tf.compat.v1.RunOptions instead.

WARNING:tensorflow:From /home/oguzziya/miniconda3/envs/phiflow-py36/lib/python3.6/site-packages/phi/tf/profiling.py:13: The name tf.RunMetadata is deprecated. Please use tf.compat.v1.RunMetadata instead.

/home/oguzziya/miniconda3/envs/phiflow-py36/lib/python3.6/site-packages/phi/tf/flow.py:15: UserWarning: TensorFlow-CUDA solver is not available. To compile it, download phiflow sources and run
$ python setup.py tf_cuda
before reinstalling phiflow.
  warnings.warn("TensorFlow-CUDA solver is not available. To compile it, download phiflow sources and run\n$ python setup.py tf_cuda\nbefore reinstalling phiflow.")
WARNING:tensorflow:From /home/oguzziya/miniconda3/envs/phiflow-py36/lib/python3.6/site-packages/phi/tf/session.py:17: The name tf.Session is deprecated. Please use tf.compat.v1.Session instead.

2021-01-12 19:21:39.577431: I tensorflow/stream_executor/platform/default/dso_loader.cc:42] Successfully opened dynamic library libcuda.so.1
==23961== NVPROF is profiling process 23961, command: python ../manual_fluid_numpy_or_tf.py 1024
2021-01-12 19:21:39.727669: I tensorflow/stream_executor/cuda/cuda_gpu_executor.cc:1005] successful NUMA node read from SysFS had negative value (-1), but there must be at least one NUMA node, so returning NUMA node zero
2021-01-12 19:21:39.728053: I tensorflow/core/common_runtime/gpu/gpu_device.cc:1640] Found device 0 with properties: 
name: GeForce GTX 960M major: 5 minor: 0 memoryClockRate(GHz): 1.176
pciBusID: 0000:01:00.0
2021-01-12 19:21:39.728238: I tensorflow/stream_executor/platform/default/dso_loader.cc:42] Successfully opened dynamic library libcudart.so.10.1
2021-01-12 19:21:39.729599: I tensorflow/stream_executor/platform/default/dso_loader.cc:42] Successfully opened dynamic library libcublas.so.10
2021-01-12 19:21:39.730974: I tensorflow/stream_executor/platform/default/dso_loader.cc:42] Successfully opened dynamic library libcufft.so.10
2021-01-12 19:21:39.731201: I tensorflow/stream_executor/platform/default/dso_loader.cc:42] Successfully opened dynamic library libcurand.so.10
2021-01-12 19:21:39.732784: I tensorflow/stream_executor/platform/default/dso_loader.cc:42] Successfully opened dynamic library libcusolver.so.10
2021-01-12 19:21:39.733643: I tensorflow/stream_executor/platform/default/dso_loader.cc:42] Successfully opened dynamic library libcusparse.so.10
2021-01-12 19:21:39.737288: I tensorflow/stream_executor/platform/default/dso_loader.cc:42] Successfully opened dynamic library libcudnn.so.7
2021-01-12 19:21:39.737431: I tensorflow/stream_executor/cuda/cuda_gpu_executor.cc:1005] successful NUMA node read from SysFS had negative value (-1), but there must be at least one NUMA node, so returning NUMA node zero
2021-01-12 19:21:39.737887: I tensorflow/stream_executor/cuda/cuda_gpu_executor.cc:1005] successful NUMA node read from SysFS had negative value (-1), but there must be at least one NUMA node, so returning NUMA node zero
2021-01-12 19:21:39.738250: I tensorflow/core/common_runtime/gpu/gpu_device.cc:1763] Adding visible gpu devices: 0
2021-01-12 19:21:39.738555: I tensorflow/core/platform/cpu_feature_guard.cc:142] Your CPU supports instructions that this TensorFlow binary was not compiled to use: SSE4.1 SSE4.2 AVX AVX2 FMA
2021-01-12 19:21:39.743870: I tensorflow/core/platform/profile_utils/cpu_utils.cc:94] CPU Frequency: 2594070000 Hz
2021-01-12 19:21:39.744173: I tensorflow/compiler/xla/service/service.cc:168] XLA service 0x56146273d0b0 executing computations on platform Host. Devices:
2021-01-12 19:21:39.744193: I tensorflow/compiler/xla/service/service.cc:175]   StreamExecutor device (0): <undefined>, <undefined>
2021-01-12 19:21:39.744355: I tensorflow/stream_executor/cuda/cuda_gpu_executor.cc:1005] successful NUMA node read from SysFS had negative value (-1), but there must be at least one NUMA node, so returning NUMA node zero
2021-01-12 19:21:39.744665: I tensorflow/core/common_runtime/gpu/gpu_device.cc:1640] Found device 0 with properties: 
name: GeForce GTX 960M major: 5 minor: 0 memoryClockRate(GHz): 1.176
pciBusID: 0000:01:00.0
2021-01-12 19:21:39.744697: I tensorflow/stream_executor/platform/default/dso_loader.cc:42] Successfully opened dynamic library libcudart.so.10.1
2021-01-12 19:21:39.744710: I tensorflow/stream_executor/platform/default/dso_loader.cc:42] Successfully opened dynamic library libcublas.so.10
2021-01-12 19:21:39.744721: I tensorflow/stream_executor/platform/default/dso_loader.cc:42] Successfully opened dynamic library libcufft.so.10
2021-01-12 19:21:39.744732: I tensorflow/stream_executor/platform/default/dso_loader.cc:42] Successfully opened dynamic library libcurand.so.10
2021-01-12 19:21:39.744742: I tensorflow/stream_executor/platform/default/dso_loader.cc:42] Successfully opened dynamic library libcusolver.so.10
2021-01-12 19:21:39.744753: I tensorflow/stream_executor/platform/default/dso_loader.cc:42] Successfully opened dynamic library libcusparse.so.10
2021-01-12 19:21:39.744764: I tensorflow/stream_executor/platform/default/dso_loader.cc:42] Successfully opened dynamic library libcudnn.so.7
2021-01-12 19:21:39.744808: I tensorflow/stream_executor/cuda/cuda_gpu_executor.cc:1005] successful NUMA node read from SysFS had negative value (-1), but there must be at least one NUMA node, so returning NUMA node zero
2021-01-12 19:21:39.745116: I tensorflow/stream_executor/cuda/cuda_gpu_executor.cc:1005] successful NUMA node read from SysFS had negative value (-1), but there must be at least one NUMA node, so returning NUMA node zero
2021-01-12 19:21:39.745388: I tensorflow/core/common_runtime/gpu/gpu_device.cc:1763] Adding visible gpu devices: 0
2021-01-12 19:21:39.745414: I tensorflow/stream_executor/platform/default/dso_loader.cc:42] Successfully opened dynamic library libcudart.so.10.1
2021-01-12 19:21:39.852459: I tensorflow/core/common_runtime/gpu/gpu_device.cc:1181] Device interconnect StreamExecutor with strength 1 edge matrix:
2021-01-12 19:21:39.852497: I tensorflow/core/common_runtime/gpu/gpu_device.cc:1187]      0 
2021-01-12 19:21:39.852503: I tensorflow/core/common_runtime/gpu/gpu_device.cc:1200] 0:   N 
2021-01-12 19:21:39.852638: I tensorflow/stream_executor/cuda/cuda_gpu_executor.cc:1005] successful NUMA node read from SysFS had negative value (-1), but there must be at least one NUMA node, so returning NUMA node zero
2021-01-12 19:21:39.852994: I tensorflow/stream_executor/cuda/cuda_gpu_executor.cc:1005] successful NUMA node read from SysFS had negative value (-1), but there must be at least one NUMA node, so returning NUMA node zero
2021-01-12 19:21:39.853344: I tensorflow/stream_executor/cuda/cuda_gpu_executor.cc:1005] successful NUMA node read from SysFS had negative value (-1), but there must be at least one NUMA node, so returning NUMA node zero
2021-01-12 19:21:39.853656: I tensorflow/core/common_runtime/gpu/gpu_device.cc:1326] Created TensorFlow device (/job:localhost/replica:0/task:0/device:GPU:0 with 3642 MB memory) -> physical GPU (device: 0, name: GeForce GTX 960M, pci bus id: 0000:01:00.0, compute capability: 5.0)
2021-01-12 19:21:39.854966: I tensorflow/compiler/xla/service/service.cc:168] XLA service 0x56146967e4e0 executing computations on platform CUDA. Devices:
2021-01-12 19:21:39.854990: I tensorflow/compiler/xla/service/service.cc:175]   StreamExecutor device (0): GeForce GTX 960M, Compute Capability 5.0
WARNING:tensorflow:From /home/oguzziya/miniconda3/envs/phiflow-py36/lib/python3.6/site-packages/phi/tf/session.py:18: The name tf.get_default_graph is deprecated. Please use tf.compat.v1.get_default_graph instead.

WARNING:tensorflow:From /home/oguzziya/miniconda3/envs/phiflow-py36/lib/python3.6/site-packages/phi/tf/tf_backend.py:287: to_complex64 (from tensorflow.python.ops.math_ops) is deprecated and will be removed in a future version.
Instructions for updating:
Use `tf.cast` instead.
2021-01-12 19:22:06.813115: I tensorflow/stream_executor/platform/default/dso_loader.cc:42] Successfully opened dynamic library libcufft.so.10
2021-01-12 19:22:06.991586: I tensorflow/stream_executor/platform/default/dso_loader.cc:42] Successfully opened dynamic library libcublas.so.10
Could not load resample cuda libraries: CUDA binaries not found at /home/oguzziya/miniconda3/envs/phiflow-py36/lib/python3.6/site-packages/phi/tf/cuda/build/resample.so. Run "python setup.py cuda" to compile them
==23961== Profiling application: python ../manual_fluid_numpy_or_tf.py 1024
==23961== Profiling result:
            Type  Time(%)      Time     Calls       Avg       Min       Max  Name
 GPU activities:   53.16%  40.5708s     17987  2.2556ms  2.1594ms  2.3860ms  void tensorflow::SparseTensorDenseMatMulKernel<float, __int64, bool=0, bool=0>(int, int, int, int, int, __int64 const *, float const *, float const , __int64 const **)
                   12.38%  9.44656s     54069  174.71us  119.94us  223.94us  void Eigen::internal::EigenMetaKernel<Eigen::TensorEvaluator<Eigen::TensorAssignOp<Eigen::TensorMap<Eigen::Tensor<float, int=1, int=1, int>, int=16, Eigen::MakePointer>, Eigen::TensorCwiseBinaryOp<Eigen::internal::scalar_product_op<float, float>, Eigen::TensorMap<Eigen::Tensor<float const , int=1, int=1, int>, int=16, Eigen::MakePointer> const , Eigen::TensorMap<Eigen::Tensor<float const , int=1, int=1, long>, int=16, Eigen::MakePointer> const > const > const , Eigen::GpuDevice>, long>(float, int=1)
                    8.62%  6.57836s     36064  182.41us  158.75us  404.64us  void Eigen::internal::EigenMetaKernel<Eigen::TensorEvaluator<Eigen::TensorAssignOp<Eigen::TensorMap<Eigen::Tensor<float, int=1, int=1, int>, int=16, Eigen::MakePointer>, Eigen::TensorCwiseBinaryOp<Eigen::internal::scalar_difference_op<float, float>, Eigen::TensorMap<Eigen::Tensor<float const , int=1, int=1, int>, int=16, Eigen::MakePointer> const , Eigen::TensorMap<Eigen::Tensor<float const , int=1, int=1, long>, int=16, Eigen::MakePointer> const > const > const , Eigen::GpuDevice>, long>(float, int=1)
                    5.47%  4.17234s     36031  115.80us  103.97us  283.87us  void Eigen::internal::EigenMetaKernel<Eigen::TensorEvaluator<Eigen::TensorAssignOp<Eigen::TensorMap<Eigen::Tensor<float, int=1, int=1, int>, int=16, Eigen::MakePointer>, Eigen::TensorCwiseUnaryOp<Eigen::internal::scalar_right<float, float, Eigen::internal::scalar_product_op<float, float>>, Eigen::TensorMap<Eigen::Tensor<float const , int=1, int=1, int>, int=16, Eigen::MakePointer> const > const > const , Eigen::GpuDevice>, int>(float, int=1)
                    4.33%  3.30322s     18143  182.07us  177.15us  264.26us  void Eigen::internal::EigenMetaKernel<Eigen::TensorEvaluator<Eigen::TensorAssignOp<Eigen::TensorMap<Eigen::Tensor<float, int=1, int=1, int>, int=16, Eigen::MakePointer>, Eigen::TensorCwiseBinaryOp<Eigen::internal::scalar_sum_op<float, float>, Eigen::TensorMap<Eigen::Tensor<float const , int=1, int=1, int>, int=16, Eigen::MakePointer> const , Eigen::TensorMap<Eigen::Tensor<float const , int=1, int=1, long>, int=16, Eigen::MakePointer> const > const > const , Eigen::GpuDevice>, long>(float, int=1)
                    3.78%  2.88703s     53907  53.555us  46.752us  72.352us  void cub::DeviceReduceKernel<cub::DeviceReducePolicy<float, int, tensorflow::functor::Sum<float>>::Policy600, float*, float*, int, tensorflow::functor::Sum<float>>(int, float, tensorflow::functor::Sum<float>, cub::GridEvenShare<float>, cub::DeviceReducePolicy<float, int, tensorflow::functor::Sum<float>>::Policy600)
                    2.88%  2.19956s     35938  61.204us  1.8880us  132.00us  void Eigen::internal::EigenMetaKernel<Eigen::TensorEvaluator<Eigen::TensorAssignOp<Eigen::TensorMap<Eigen::Tensor<float, int=1, int=1, int>, int=16, Eigen::MakePointer>, Eigen::TensorCwiseUnaryOp<Eigen::internal::scalar_right<float, float, Eigen::internal::div_no_nan_op<float>>, Eigen::TensorMap<Eigen::Tensor<float const , int=1, int=1, int>, int=16, Eigen::MakePointer> const > const > const , Eigen::GpuDevice>, int>(float, int=1)
                    2.85%  2.17184s     17969  120.87us  116.22us  130.43us  void Eigen::internal::EigenMetaKernel<Eigen::TensorEvaluator<Eigen::TensorAssignOp<Eigen::TensorMap<Eigen::Tensor<float, int=1, int=1, int>, int=16, Eigen::MakePointer>, Eigen::TensorCwiseUnaryOp<Eigen::internal::scalar_left<float, float, Eigen::internal::scalar_product_op<float, float>>, Eigen::TensorMap<Eigen::Tensor<float const , int=1, int=1, int>, int=16, Eigen::MakePointer> const > const > const , Eigen::GpuDevice>, int>(float, int=1)
                    2.61%  1.99058s     17978  110.72us  102.27us  125.73us  void Eigen::internal::EigenMetaKernel<Eigen::TensorEvaluator<Eigen::TensorAssignOp<Eigen::TensorMap<Eigen::Tensor<float, int=1, int=1, int>, int=16, Eigen::MakePointer>, Eigen::TensorCwiseUnaryOp<Eigen::internal::scalar_abs_op<float>, Eigen::TensorMap<Eigen::Tensor<float const , int=1, int=1, int>, int=16, Eigen::MakePointer> const > const > const , Eigen::GpuDevice>, int>(float, int=1)
                    1.44%  1.10218s     17978  61.306us  49.920us  69.472us  void cub::DeviceReduceKernel<cub::DeviceReducePolicy<float, int, cub::Max>::Policy600, float*, float*, int, cub::Max>(int, cub::Max, cub::DeviceReducePolicy<float, int, cub::Max>::Policy600, cub::GridEvenShare<cub::Max>, float*)
                    1.43%  1.09087s     17987  60.647us  56.960us  65.825us  void Eigen::internal::EigenMetaKernel<Eigen::TensorEvaluator<Eigen::TensorAssignOp<Eigen::TensorMap<Eigen::Tensor<float, int=2, int=1, long>, int=16, Eigen::MakePointer>, Eigen::TensorCwiseNullaryOp<Eigen::internal::scalar_constant_op<float>, Eigen::TensorMap<Eigen::Tensor<float, int=2, int=1, long>, int=16, Eigen::MakePointer> const > const > const , Eigen::GpuDevice>, long>(float, int=2)
                    0.33%  249.98ms     18161  13.764us     544ns  6.7350ms  [CUDA memcpy HtoD]
                    0.18%  137.50ms     53907  2.5500us  1.5680us  8.9920us  void cub::DeviceReduceSingleTileKernel<cub::DeviceReducePolicy<float, int, tensorflow::functor::Sum<float>>::Policy600, float*, float*, int, tensorflow::functor::Sum<float>, float>(int, float, tensorflow::functor::Sum<float>, cub::DeviceReducePolicy<float, int, tensorflow::functor::Sum<float>>::Policy600, float*)
                    0.13%  101.93ms     36031  2.8280us     896ns  1.0583ms  [CUDA memcpy DtoH]
                    0.08%  63.424ms     17978  3.5270us  3.1360us  9.3440us  void cub::DeviceReduceSingleTileKernel<cub::DeviceReducePolicy<float, int, cub::Max>::Policy600, float*, float*, int, cub::Max, float>(int, cub::Max, cub::DeviceReducePolicy<float, int, cub::Max>::Policy600, float*, float*)
                    0.05%  41.437ms       108  383.67us  352.55us  619.84us  void tensorflow::GatherSliceOpKernel<float, int, int=3>(float const *, int const *, tensorflow::GatherSliceOpKernel<float, int, int=3>*, Eigen::array<__int64, int=3>, Eigen::array, __int64, __int64, __int64)
                    0.05%  38.201ms     17978  2.1240us  1.7920us  2.5280us  void Eigen::internal::EigenMetaKernel<Eigen::TensorEvaluator<Eigen::TensorAssignOp<Eigen::TensorMap<Eigen::Tensor<bool, int=1, int=1, int>, int=16, Eigen::MakePointer>, Eigen::TensorCwiseUnaryOp<Eigen::internal::scalar_right<bool, bool, Eigen::internal::scalar_boolean_and_op>, Eigen::TensorMap<Eigen::Tensor<bool const , int=1, int=1, int>, int=16, Eigen::MakePointer> const > const > const , Eigen::GpuDevice>, int>(bool, int=1)
                    0.04%  33.052ms     17978  1.8380us  1.6640us  2.1440us  void Eigen::internal::EigenMetaKernel<Eigen::TensorEvaluator<Eigen::TensorAssignOp<Eigen::TensorMap<Eigen::Tensor<bool, int=1, int=1, int>, int=16, Eigen::MakePointer>, Eigen::TensorCwiseUnaryOp<Eigen::internal::scalar_right<bool, float, Eigen::internal::greater<float>>, Eigen::TensorMap<Eigen::Tensor<float const , int=1, int=1, int>, int=16, Eigen::MakePointer> const > const > const , Eigen::GpuDevice>, int>(bool, int=1)
                    0.03%  20.940ms       108  193.89us  183.23us  223.01us  void Eigen::internal::EigenMetaKernel<Eigen::TensorEvaluator<Eigen::TensorAssignOp<Eigen::TensorMap<Eigen::Tensor<float, int=2, int=1, int>, int=16, Eigen::MakePointer>, Eigen::TensorSlicingOp<Eigen::DSizes<long, int=2> const , Eigen::DSizes<long, int=2> const , Eigen::TensorMap<Eigen::Tensor<float const , int=2, int=1, int>, int=16, Eigen::MakePointer> const > const > const , Eigen::GpuDevice>, int>(float, int=2)
                    0.03%  20.519ms       144  142.50us  135.33us  174.78us  void Eigen::internal::EigenMetaKernel<Eigen::TensorEvaluator<Eigen::TensorAssignOp<Eigen::TensorMap<Eigen::Tensor<float, int=4, int=1, int>, int=16, Eigen::MakePointer>, Eigen::TensorSlicingOp<Eigen::DSizes<int, int=4> const , Eigen::DSizes<int, int=4> const , Eigen::TensorMap<Eigen::Tensor<float const , int=4, int=1, int>, int=16, Eigen::MakePointer> const > const > const , Eigen::GpuDevice>, int>(float, int=4)
                    0.02%  11.610ms        54  215.00us  205.06us  244.26us  void Eigen::internal::EigenMetaKernel<Eigen::TensorEvaluator<Eigen::TensorAssignOp<Eigen::TensorSlicingOp<Eigen::array<int, unsigned long=2> const , Eigen::array<int, unsigned long=2> const , Eigen::TensorMap<Eigen::Tensor<float, int=2, int=1, int>, int=16, Eigen::MakePointer>>, Eigen::TensorMap<Eigen::Tensor<float const , int=2, int=1, int>, int=16, Eigen::MakePointer> const > const , Eigen::GpuDevice>, int>(int, unsigned long=2)
                    0.01%  11.358ms        36  315.49us  313.67us  317.99us  void Eigen::internal::EigenMetaKernel<Eigen::TensorEvaluator<Eigen::TensorAssignOp<Eigen::TensorMap<Eigen::Tensor<float, int=4, int=1, int>, int=16, Eigen::MakePointer>, Eigen::TensorMirrorPadOp<Eigen::array<Eigen::IndexPair<int>, unsigned long=4>, Eigen::TensorMap<Eigen::Tensor<float const , int=4, int=1, int>, int=16, Eigen::MakePointer> const > const > const , Eigen::GpuDevice>, int>(float, int=4)
                    0.01%  8.5402ms        27  316.30us  312.71us  319.91us  void Eigen::internal::EigenMetaKernel<Eigen::TensorEvaluator<Eigen::TensorAssignOp<Eigen::TensorMap<Eigen::Tensor<float, int=4, int=1, int>, int=16, Eigen::MakePointer>, Eigen::TensorPaddingOp<Eigen::array<Eigen::IndexPair<int>, unsigned long=4> const , Eigen::TensorMap<Eigen::Tensor<float const , int=4, int=1, int>, int=16, Eigen::MakePointer> const > const > const , Eigen::GpuDevice>, int>(float, int=4)
                    0.01%  7.3884ms        30  246.28us  238.56us  287.59us  void Eigen::internal::EigenMetaKernel<Eigen::TensorEvaluator<Eigen::TensorAssignOp<Eigen::TensorMap<Eigen::Tensor<float, int=1, int=1, int>, int=16, Eigen::MakePointer>, Eigen::TensorCwiseUnaryOp<Eigen::internal::scalar_right<float, float, Eigen::internal::scalar_difference_op<float, float>>, Eigen::TensorMap<Eigen::Tensor<float const , int=1, int=1, int>, int=16, Eigen::MakePointer> const > const > const , Eigen::GpuDevice>, int>(float, int=1)
                    0.01%  7.2037ms        42  171.52us  125.44us  221.99us  void Eigen::internal::EigenMetaKernel<Eigen::TensorEvaluator<Eigen::TensorAssignOp<Eigen::TensorMap<Eigen::Tensor<float, int=3, int=1, int>, int=16, Eigen::MakePointer>, Eigen::TensorPaddingOp<Eigen::array<Eigen::IndexPair<int>, unsigned long=3> const , Eigen::TensorMap<Eigen::Tensor<float const , int=3, int=1, int>, int=16, Eigen::MakePointer> const > const > const , Eigen::GpuDevice>, int>(float, int=3)
                    0.01%  7.0894ms        27  262.57us  248.96us  297.70us  void Eigen::internal::EigenMetaKernel<Eigen::TensorEvaluator<Eigen::TensorAssignOp<Eigen::TensorMap<Eigen::Tensor<float, int=2, int=1, int>, int=16, Eigen::MakePointer>, Eigen::TensorCwiseBinaryOp<Eigen::internal::scalar_sum_op<float, float>, Eigen::TensorBroadcastingOp<Eigen::array<long, unsigned long=2> const , Eigen::TensorMap<Eigen::Tensor<float const , int=2, int=1, int>, int=16, Eigen::MakePointer> const > const , Eigen::TensorMap<Eigen::Tensor<float const , int=2, int=1, int>, int=16, Eigen::MakePointer> const > const > const , Eigen::GpuDevice>, int>(float, int=2)
                    0.01%  7.0843ms        27  262.38us  241.38us  288.74us  void Eigen::internal::EigenMetaKernel<Eigen::TensorEvaluator<Eigen::TensorAssignOp<Eigen::TensorMap<Eigen::Tensor<float, int=1, int=1, int>, int=16, Eigen::MakePointer>, Eigen::TensorCwiseUnaryOp<Eigen::internal::scalar_floor_op<float>, Eigen::TensorMap<Eigen::Tensor<float const , int=1, int=1, int>, int=16, Eigen::MakePointer> const > const > const , Eigen::GpuDevice>, int>(float, int=1)
                    0.01%  6.8745ms        27  254.61us  250.08us  300.74us  void Eigen::internal::EigenMetaKernel<Eigen::TensorEvaluator<Eigen::TensorAssignOp<Eigen::TensorMap<Eigen::Tensor<int, int=1, int=1, long>, int=16, Eigen::MakePointer>, Eigen::TensorConversionOp<int, Eigen::TensorMap<Eigen::Tensor<float const , int=1, int=1, long>, int=16, Eigen::MakePointer> const > const > const , Eigen::GpuDevice>, long>(int, int=1)
                    0.01%  6.5674ms        27  243.24us  237.15us  282.24us  void Eigen::internal::EigenMetaKernel<Eigen::TensorEvaluator<Eigen::TensorAssignOp<Eigen::TensorMap<Eigen::Tensor<float, int=1, int=1, int>, int=16, Eigen::MakePointer>, Eigen::TensorCwiseUnaryOp<Eigen::internal::scalar_left<float, float, Eigen::internal::scalar_difference_op<float, float>>, Eigen::TensorMap<Eigen::Tensor<float const , int=1, int=1, int>, int=16, Eigen::MakePointer> const > const > const , Eigen::GpuDevice>, int>(float, int=1)
                    0.01%  4.4478ms        18  247.10us  243.39us  250.08us  void Eigen::internal::EigenMetaKernel<Eigen::TensorEvaluator<Eigen::TensorAssignOp<Eigen::TensorMap<Eigen::Tensor<float, int=2, int=1, int>, int=16, Eigen::MakePointer>, Eigen::TensorCwiseBinaryOp<Eigen::internal::scalar_difference_op<float, float>, Eigen::TensorMap<Eigen::Tensor<float const , int=2, int=1, int>, int=16, Eigen::MakePointer> const , Eigen::TensorBroadcastingOp<Eigen::array<long, unsigned long=2> const , Eigen::TensorMap<Eigen::Tensor<float const , int=2, int=1, int>, int=16, Eigen::MakePointer> const > const > const > const , Eigen::GpuDevice>, int>(float, int=2)
                    0.01%  4.3362ms        18  240.90us  234.69us  246.95us  void vector_fft<unsigned int=1024, unsigned int=16, unsigned int=1, padding_t=6, twiddle_t=0, loadstore_modifier_t=2, layout_t=0, unsigned int, float>(kernel_arguments_t<unsigned int>)
                    0.01%  4.1562ms         9  461.80us  411.75us  491.04us  void spRadix1024C::kernel1Mem<unsigned int, float, fftDirection_t=1, unsigned int=4, unsigned int=2, L1, ALL, WRITEBACK>(kernel_parameters_t<fft_mem_radix1_t, unsigned int, float>)
                    0.01%  3.8786ms         9  430.96us  404.45us  466.95us  void spRadix1024C::kernel1Mem<unsigned int, float, fftDirection_t=-1, unsigned int=4, unsigned int=2, L1, ALL, WRITEBACK>(kernel_parameters_t<fft_mem_radix1_t, unsigned int, float>)
                    0.00%  3.2504ms         9  361.15us  359.49us  364.74us  void Eigen::internal::EigenMetaKernel<Eigen::TensorEvaluator<Eigen::TensorAssignOp<Eigen::TensorMap<Eigen::Tensor<std::complex<float>, int=1, int=1, int>, int=16, Eigen::MakePointer>, Eigen::TensorCwiseBinaryOp<Eigen::internal::scalar_product_op<std::complex<float>, std::complex<float>>, Eigen::TensorMap<Eigen::Tensor<std::complex<float> const , int=1, int=1, int>, int=16, Eigen::MakePointer> const , Eigen::TensorMap<Eigen::Tensor<std::complex<float> const , int=1, int=1, long>, int=16, Eigen::MakePointer> const > const > const , Eigen::GpuDevice>, long>(float, std::complex<float>)
                    0.00%  2.1667ms        18  120.37us  118.59us  122.02us  [CUDA memcpy DtoD]
                    0.00%  2.1323ms         9  236.92us  234.95us  239.11us  void scal_kernel_val<float2, float>(cublasScalParamsVal<float2, float>)
                    0.00%  1.6640ms         9  184.89us  183.49us  185.73us  void Eigen::internal::EigenMetaKernel<Eigen::TensorEvaluator<Eigen::TensorAssignOp<Eigen::TensorMap<Eigen::Tensor<float, int=1, int=1, int>, int=16, Eigen::MakePointer>, Eigen::TensorCwiseUnaryOp<Eigen::internal::scalar_real_op<std::complex<float>>, Eigen::TensorMap<Eigen::Tensor<std::complex<float> const , int=1, int=1, int>, int=16, Eigen::MakePointer> const > const > const , Eigen::GpuDevice>, int>(float, int=1)
                    0.00%  1.6523ms         9  183.59us  180.96us  184.96us  void Eigen::internal::EigenMetaKernel<Eigen::TensorEvaluator<Eigen::TensorAssignOp<Eigen::TensorMap<Eigen::Tensor<std::complex<float>, int=1, int=1, long>, int=16, Eigen::MakePointer>, Eigen::TensorConversionOp<std::complex<float>, Eigen::TensorMap<Eigen::Tensor<float const , int=1, int=1, long>, int=16, Eigen::MakePointer> const > const > const , Eigen::GpuDevice>, long>(float, std::complex<float>)
                    0.00%  1.6434ms         9  182.60us  180.96us  183.59us  void tensorflow::functor::ColumnReduceSimpleKernel<float*, float*, tensorflow::functor::Sum<float>>(float*, float*, int, int, int, float)
                    0.00%  779.81us         3  259.94us  248.45us  277.73us  void Eigen::internal::EigenMetaKernel<Eigen::TensorEvaluator<Eigen::TensorAssignOp<Eigen::TensorMap<Eigen::Tensor<float, int=2, int=1, int>, int=16, Eigen::MakePointer>, Eigen::TensorCwiseBinaryOp<Eigen::internal::scalar_product_op<float, float>, Eigen::TensorBroadcastingOp<Eigen::array<long, unsigned long=2> const , Eigen::TensorMap<Eigen::Tensor<float const , int=2, int=1, int>, int=16, Eigen::MakePointer> const > const , Eigen::TensorMap<Eigen::Tensor<float const , int=2, int=1, int>, int=16, Eigen::MakePointer> const > const > const , Eigen::GpuDevice>, int>(float, int=2)
                    0.00%  651.62us         3  217.21us  209.31us  222.08us  void Eigen::internal::EigenMetaKernel<Eigen::TensorEvaluator<Eigen::TensorAssignOp<Eigen::TensorMap<Eigen::Tensor<float, int=1, int=1, long>, int=16, Eigen::MakePointer>, Eigen::TensorCwiseBinaryOp<Eigen::internal::scalar_sum_op<float const , float const >, Eigen::TensorMap<Eigen::Tensor<float const , int=1, int=1, long>, int=16, Eigen::MakePointer> const , Eigen::TensorMap<Eigen::Tensor<float const , int=1, int=1, long>, int=16, Eigen::MakePointer> const > const > const , Eigen::GpuDevice>, long>(float, int=1)
                    0.00%  1.3440us         1  1.3440us  1.3440us  1.3440us  [CUDA memset]
      API calls:   69.19%  12.6353s    432654  29.204us  3.1570us  980.47ms  cudaLaunchKernel
                    9.40%  1.71611s   1224660  1.4010us     295ns  1.0706ms  cuEventQuery
                    4.96%  904.98ms    143770  6.2940us  1.8910us  99.905us  cudaFuncGetAttributes
                    3.75%  685.33ms     36031  19.020us  4.1860us  818.47us  cuMemcpyDtoHAsync
                    2.87%  523.88ms        22  23.813ms     704ns  171.75ms  cudaFree
                    1.83%  333.49ms    108382  3.0770us     493ns  874.00us  cudaPointerGetAttributes
                    1.60%  291.87ms     18160  16.072us  3.2130us  884.08us  cuMemcpyHtoDAsync
                    1.48%  269.40ms    143770  1.8730us     443ns  952.39us  cudaOccupancyMaxActiveBlocksPerMultiprocessorWithFlags
                    1.29%  235.46ms    108430  2.1710us     351ns  864.20us  cuEventRecord
                    0.81%  147.31ms    143862  1.0230us     251ns  910.26us  cudaGetDevice
                    0.77%  139.88ms    143781     972ns     246ns  238.70us  cudaDeviceGetAttribute
                    0.75%  136.72ms       228  599.63us  2.0590us  38.444ms  cuModuleUnload
                    0.60%  108.95ms     54215  2.0090us     512ns  217.12us  cuStreamWaitEvent
                    0.31%  57.279ms    143788     398ns      98ns  155.83us  cudaPeekAtLastError
                    0.29%  53.087ms         6  8.8478ms  417.02us  32.797ms  cuMemHostAlloc
                    0.04%  7.7611ms         3  2.5870ms  2.4456ms  2.6882ms  cuCtxSynchronize
                    0.02%  4.3418ms         1  4.3418ms  4.3418ms  4.3418ms  cuMemAlloc
                    0.02%  4.0271ms        20  201.36us  96.884us  493.90us  cudaGetDeviceProperties
                    0.01%  1.9477ms        14  139.12us  42.653us  200.50us  cuDeviceTotalMem
                    0.01%  1.7252ms       655  2.6330us     105ns  98.432us  cuDeviceGetAttribute
                    0.00%  303.18us        18  16.843us  6.4340us  73.796us  cudaMemcpyAsync
                    0.00%  300.03us         3  100.01us  4.1110us  285.00us  cudaMalloc
                    0.00%  299.69us       288  1.0400us     328ns  8.2540us  cudaFuncSetCacheConfig
                    0.00%  274.01us        14  19.571us  9.6460us  49.302us  cuDeviceGetName
                    0.00%  142.02us        10  14.202us  1.4410us  112.22us  cuStreamCreate
                    0.00%  102.07us        20  5.1030us     292ns  41.378us  cuEventCreate
                    0.00%  28.936us        11  2.6300us     282ns  5.9210us  cuCtxSetCurrent
                    0.00%  26.892us        39     689ns     153ns  5.8430us  cudaGetLastError
                    0.00%  26.762us        10  2.6760us  1.3010us  9.3840us  cuDeviceGetPCIBusId
                    0.00%  23.549us         1  23.549us  23.549us  23.549us  cuMemGetInfo
                    0.00%  17.687us         1  17.687us  17.687us  17.687us  cuMemsetD32
                    0.00%  13.455us         1  13.455us  13.455us  13.455us  cudaMemcpy
                    0.00%  11.812us         5  2.3620us  1.7000us  2.9460us  cuInit
                    0.00%  10.787us        18     599ns     367ns  1.4880us  cudaGetErrorString
                    0.00%  8.6840us        16     542ns     413ns  1.8630us  cudaEventCreateWithFlags
                    0.00%  7.0330us        16     439ns     190ns  1.9670us  cuDeviceGet
                    0.00%  5.7860us        14     413ns     141ns  1.6380us  cuDriverGetVersion
                    0.00%  5.3660us        13     412ns     174ns     995ns  cuDeviceGetCount
                    0.00%  2.9930us         2  1.4960us  1.1480us  1.8450us  cudaSetDevice
                    0.00%  1.8260us         4     456ns     238ns     640ns  cuDevicePrimaryCtxRelease
                    0.00%  1.4500us         1  1.4500us  1.4500us  1.4500us  cudaGetDeviceCount
                    0.00%  1.2070us         5     241ns     200ns     275ns  cuDeviceGetUuid
                    0.00%     443ns         1     443ns     443ns     443ns  cuDevicePrimaryCtxGetState
                    0.00%     310ns         1     310ns     310ns     310ns  cuDevicePrimaryCtxRetain
                    0.00%     227ns         1     227ns     227ns     227ns  cuCtxGetDevice
                    0.00%     207ns         1     207ns     207ns     207ns  cuCtxGetCurrent
