/home/oguzziya/miniconda3/envs/phiflow-py36/lib/python3.6/site-packages/tensorflow/python/framework/dtypes.py:516: FutureWarning: Passing (type, 1) or '1type' as a synonym of type is deprecated; in a future version of numpy, it will be understood as (type, (1,)) / '(1,)type'.
  _np_qint8 = np.dtype([("qint8", np.int8, 1)])
/home/oguzziya/miniconda3/envs/phiflow-py36/lib/python3.6/site-packages/tensorflow/python/framework/dtypes.py:517: FutureWarning: Passing (type, 1) or '1type' as a synonym of type is deprecated; in a future version of numpy, it will be understood as (type, (1,)) / '(1,)type'.
  _np_quint8 = np.dtype([("quint8", np.uint8, 1)])
/home/oguzziya/miniconda3/envs/phiflow-py36/lib/python3.6/site-packages/tensorflow/python/framework/dtypes.py:518: FutureWarning: Passing (type, 1) or '1type' as a synonym of type is deprecated; in a future version of numpy, it will be understood as (type, (1,)) / '(1,)type'.
  _np_qint16 = np.dtype([("qint16", np.int16, 1)])
/home/oguzziya/miniconda3/envs/phiflow-py36/lib/python3.6/site-packages/tensorflow/python/framework/dtypes.py:519: FutureWarning: Passing (type, 1) or '1type' as a synonym of type is deprecated; in a future version of numpy, it will be understood as (type, (1,)) / '(1,)type'.
  _np_quint16 = np.dtype([("quint16", np.uint16, 1)])
/home/oguzziya/miniconda3/envs/phiflow-py36/lib/python3.6/site-packages/tensorflow/python/framework/dtypes.py:520: FutureWarning: Passing (type, 1) or '1type' as a synonym of type is deprecated; in a future version of numpy, it will be understood as (type, (1,)) / '(1,)type'.
  _np_qint32 = np.dtype([("qint32", np.int32, 1)])
/home/oguzziya/miniconda3/envs/phiflow-py36/lib/python3.6/site-packages/tensorflow/python/framework/dtypes.py:525: FutureWarning: Passing (type, 1) or '1type' as a synonym of type is deprecated; in a future version of numpy, it will be understood as (type, (1,)) / '(1,)type'.
  np_resource = np.dtype([("resource", np.ubyte, 1)])
/home/oguzziya/miniconda3/envs/phiflow-py36/lib/python3.6/site-packages/tensorboard/compat/tensorflow_stub/dtypes.py:541: FutureWarning: Passing (type, 1) or '1type' as a synonym of type is deprecated; in a future version of numpy, it will be understood as (type, (1,)) / '(1,)type'.
  _np_qint8 = np.dtype([("qint8", np.int8, 1)])
/home/oguzziya/miniconda3/envs/phiflow-py36/lib/python3.6/site-packages/tensorboard/compat/tensorflow_stub/dtypes.py:542: FutureWarning: Passing (type, 1) or '1type' as a synonym of type is deprecated; in a future version of numpy, it will be understood as (type, (1,)) / '(1,)type'.
  _np_quint8 = np.dtype([("quint8", np.uint8, 1)])
/home/oguzziya/miniconda3/envs/phiflow-py36/lib/python3.6/site-packages/tensorboard/compat/tensorflow_stub/dtypes.py:543: FutureWarning: Passing (type, 1) or '1type' as a synonym of type is deprecated; in a future version of numpy, it will be understood as (type, (1,)) / '(1,)type'.
  _np_qint16 = np.dtype([("qint16", np.int16, 1)])
/home/oguzziya/miniconda3/envs/phiflow-py36/lib/python3.6/site-packages/tensorboard/compat/tensorflow_stub/dtypes.py:544: FutureWarning: Passing (type, 1) or '1type' as a synonym of type is deprecated; in a future version of numpy, it will be understood as (type, (1,)) / '(1,)type'.
  _np_quint16 = np.dtype([("quint16", np.uint16, 1)])
/home/oguzziya/miniconda3/envs/phiflow-py36/lib/python3.6/site-packages/tensorboard/compat/tensorflow_stub/dtypes.py:545: FutureWarning: Passing (type, 1) or '1type' as a synonym of type is deprecated; in a future version of numpy, it will be understood as (type, (1,)) / '(1,)type'.
  _np_qint32 = np.dtype([("qint32", np.int32, 1)])
/home/oguzziya/miniconda3/envs/phiflow-py36/lib/python3.6/site-packages/tensorboard/compat/tensorflow_stub/dtypes.py:550: FutureWarning: Passing (type, 1) or '1type' as a synonym of type is deprecated; in a future version of numpy, it will be understood as (type, (1,)) / '(1,)type'.
  np_resource = np.dtype([("resource", np.ubyte, 1)])
/home/oguzziya/miniconda3/envs/phiflow-py36/lib/python3.6/site-packages/phi/viz/display.py:80: UserWarning: GUI is disabled because of missing dependencies: No module named 'dash_core_components'. To install all dependencies, run $ pip install phiflow[gui]
  warnings.warn('GUI is disabled because of missing dependencies: %s. To install all dependencies, run $ pip install phiflow[gui]' % import_error)
WARNING:tensorflow:From /home/oguzziya/miniconda3/envs/phiflow-py36/lib/python3.6/site-packages/phi/tf/util.py:119: The name tf.AUTO_REUSE is deprecated. Please use tf.compat.v1.AUTO_REUSE instead.

WARNING:tensorflow:From /home/oguzziya/miniconda3/envs/phiflow-py36/lib/python3.6/site-packages/phi/tf/profiling.py:12: The name tf.RunOptions is deprecated. Please use tf.compat.v1.RunOptions instead.

WARNING:tensorflow:From /home/oguzziya/miniconda3/envs/phiflow-py36/lib/python3.6/site-packages/phi/tf/profiling.py:13: The name tf.RunMetadata is deprecated. Please use tf.compat.v1.RunMetadata instead.

/home/oguzziya/miniconda3/envs/phiflow-py36/lib/python3.6/site-packages/phi/tf/flow.py:15: UserWarning: TensorFlow-CUDA solver is not available. To compile it, download phiflow sources and run
$ python setup.py tf_cuda
before reinstalling phiflow.
  warnings.warn("TensorFlow-CUDA solver is not available. To compile it, download phiflow sources and run\n$ python setup.py tf_cuda\nbefore reinstalling phiflow.")
WARNING:tensorflow:From /home/oguzziya/miniconda3/envs/phiflow-py36/lib/python3.6/site-packages/phi/tf/session.py:17: The name tf.Session is deprecated. Please use tf.compat.v1.Session instead.

2021-01-12 19:21:13.568767: I tensorflow/stream_executor/platform/default/dso_loader.cc:42] Successfully opened dynamic library libcuda.so.1
==23912== NVPROF is profiling process 23912, command: python ../manual_fluid_numpy_or_tf.py 512
2021-01-12 19:21:13.718400: I tensorflow/stream_executor/cuda/cuda_gpu_executor.cc:1005] successful NUMA node read from SysFS had negative value (-1), but there must be at least one NUMA node, so returning NUMA node zero
2021-01-12 19:21:13.718801: I tensorflow/core/common_runtime/gpu/gpu_device.cc:1640] Found device 0 with properties: 
name: GeForce GTX 960M major: 5 minor: 0 memoryClockRate(GHz): 1.176
pciBusID: 0000:01:00.0
2021-01-12 19:21:13.718984: I tensorflow/stream_executor/platform/default/dso_loader.cc:42] Successfully opened dynamic library libcudart.so.10.1
2021-01-12 19:21:13.720484: I tensorflow/stream_executor/platform/default/dso_loader.cc:42] Successfully opened dynamic library libcublas.so.10
2021-01-12 19:21:13.721897: I tensorflow/stream_executor/platform/default/dso_loader.cc:42] Successfully opened dynamic library libcufft.so.10
2021-01-12 19:21:13.722152: I tensorflow/stream_executor/platform/default/dso_loader.cc:42] Successfully opened dynamic library libcurand.so.10
2021-01-12 19:21:13.723768: I tensorflow/stream_executor/platform/default/dso_loader.cc:42] Successfully opened dynamic library libcusolver.so.10
2021-01-12 19:21:13.724677: I tensorflow/stream_executor/platform/default/dso_loader.cc:42] Successfully opened dynamic library libcusparse.so.10
2021-01-12 19:21:13.729461: I tensorflow/stream_executor/platform/default/dso_loader.cc:42] Successfully opened dynamic library libcudnn.so.7
2021-01-12 19:21:13.729662: I tensorflow/stream_executor/cuda/cuda_gpu_executor.cc:1005] successful NUMA node read from SysFS had negative value (-1), but there must be at least one NUMA node, so returning NUMA node zero
2021-01-12 19:21:13.730308: I tensorflow/stream_executor/cuda/cuda_gpu_executor.cc:1005] successful NUMA node read from SysFS had negative value (-1), but there must be at least one NUMA node, so returning NUMA node zero
2021-01-12 19:21:13.730677: I tensorflow/core/common_runtime/gpu/gpu_device.cc:1763] Adding visible gpu devices: 0
2021-01-12 19:21:13.730985: I tensorflow/core/platform/cpu_feature_guard.cc:142] Your CPU supports instructions that this TensorFlow binary was not compiled to use: SSE4.1 SSE4.2 AVX AVX2 FMA
2021-01-12 19:21:13.735664: I tensorflow/core/platform/profile_utils/cpu_utils.cc:94] CPU Frequency: 2594070000 Hz
2021-01-12 19:21:13.735995: I tensorflow/compiler/xla/service/service.cc:168] XLA service 0x559e78dfa0b0 executing computations on platform Host. Devices:
2021-01-12 19:21:13.736035: I tensorflow/compiler/xla/service/service.cc:175]   StreamExecutor device (0): <undefined>, <undefined>
2021-01-12 19:21:13.736191: I tensorflow/stream_executor/cuda/cuda_gpu_executor.cc:1005] successful NUMA node read from SysFS had negative value (-1), but there must be at least one NUMA node, so returning NUMA node zero
2021-01-12 19:21:13.736502: I tensorflow/core/common_runtime/gpu/gpu_device.cc:1640] Found device 0 with properties: 
name: GeForce GTX 960M major: 5 minor: 0 memoryClockRate(GHz): 1.176
pciBusID: 0000:01:00.0
2021-01-12 19:21:13.736536: I tensorflow/stream_executor/platform/default/dso_loader.cc:42] Successfully opened dynamic library libcudart.so.10.1
2021-01-12 19:21:13.736550: I tensorflow/stream_executor/platform/default/dso_loader.cc:42] Successfully opened dynamic library libcublas.so.10
2021-01-12 19:21:13.736562: I tensorflow/stream_executor/platform/default/dso_loader.cc:42] Successfully opened dynamic library libcufft.so.10
2021-01-12 19:21:13.736574: I tensorflow/stream_executor/platform/default/dso_loader.cc:42] Successfully opened dynamic library libcurand.so.10
2021-01-12 19:21:13.736586: I tensorflow/stream_executor/platform/default/dso_loader.cc:42] Successfully opened dynamic library libcusolver.so.10
2021-01-12 19:21:13.736598: I tensorflow/stream_executor/platform/default/dso_loader.cc:42] Successfully opened dynamic library libcusparse.so.10
2021-01-12 19:21:13.736611: I tensorflow/stream_executor/platform/default/dso_loader.cc:42] Successfully opened dynamic library libcudnn.so.7
2021-01-12 19:21:13.736657: I tensorflow/stream_executor/cuda/cuda_gpu_executor.cc:1005] successful NUMA node read from SysFS had negative value (-1), but there must be at least one NUMA node, so returning NUMA node zero
2021-01-12 19:21:13.736969: I tensorflow/stream_executor/cuda/cuda_gpu_executor.cc:1005] successful NUMA node read from SysFS had negative value (-1), but there must be at least one NUMA node, so returning NUMA node zero
2021-01-12 19:21:13.737242: I tensorflow/core/common_runtime/gpu/gpu_device.cc:1763] Adding visible gpu devices: 0
2021-01-12 19:21:13.737269: I tensorflow/stream_executor/platform/default/dso_loader.cc:42] Successfully opened dynamic library libcudart.so.10.1
2021-01-12 19:21:13.844681: I tensorflow/core/common_runtime/gpu/gpu_device.cc:1181] Device interconnect StreamExecutor with strength 1 edge matrix:
2021-01-12 19:21:13.844720: I tensorflow/core/common_runtime/gpu/gpu_device.cc:1187]      0 
2021-01-12 19:21:13.844727: I tensorflow/core/common_runtime/gpu/gpu_device.cc:1200] 0:   N 
2021-01-12 19:21:13.844862: I tensorflow/stream_executor/cuda/cuda_gpu_executor.cc:1005] successful NUMA node read from SysFS had negative value (-1), but there must be at least one NUMA node, so returning NUMA node zero
2021-01-12 19:21:13.845204: I tensorflow/stream_executor/cuda/cuda_gpu_executor.cc:1005] successful NUMA node read from SysFS had negative value (-1), but there must be at least one NUMA node, so returning NUMA node zero
2021-01-12 19:21:13.845518: I tensorflow/stream_executor/cuda/cuda_gpu_executor.cc:1005] successful NUMA node read from SysFS had negative value (-1), but there must be at least one NUMA node, so returning NUMA node zero
2021-01-12 19:21:13.845807: I tensorflow/core/common_runtime/gpu/gpu_device.cc:1326] Created TensorFlow device (/job:localhost/replica:0/task:0/device:GPU:0 with 3642 MB memory) -> physical GPU (device: 0, name: GeForce GTX 960M, pci bus id: 0000:01:00.0, compute capability: 5.0)
2021-01-12 19:21:13.847106: I tensorflow/compiler/xla/service/service.cc:168] XLA service 0x559e7f8273e0 executing computations on platform CUDA. Devices:
2021-01-12 19:21:13.847131: I tensorflow/compiler/xla/service/service.cc:175]   StreamExecutor device (0): GeForce GTX 960M, Compute Capability 5.0
WARNING:tensorflow:From /home/oguzziya/miniconda3/envs/phiflow-py36/lib/python3.6/site-packages/phi/tf/session.py:18: The name tf.get_default_graph is deprecated. Please use tf.compat.v1.get_default_graph instead.

WARNING:tensorflow:From /home/oguzziya/miniconda3/envs/phiflow-py36/lib/python3.6/site-packages/phi/tf/tf_backend.py:287: to_complex64 (from tensorflow.python.ops.math_ops) is deprecated and will be removed in a future version.
Instructions for updating:
Use `tf.cast` instead.
2021-01-12 19:21:22.036568: I tensorflow/stream_executor/platform/default/dso_loader.cc:42] Successfully opened dynamic library libcufft.so.10
2021-01-12 19:21:22.220528: I tensorflow/stream_executor/platform/default/dso_loader.cc:42] Successfully opened dynamic library libcublas.so.10
Could not load resample cuda libraries: CUDA binaries not found at /home/oguzziya/miniconda3/envs/phiflow-py36/lib/python3.6/site-packages/phi/tf/cuda/build/resample.so. Run "python setup.py cuda" to compile them
==23912== Profiling application: python ../manual_fluid_numpy_or_tf.py 512
==23912== Profiling result:
            Type  Time(%)      Time     Calls       Avg       Min       Max  Name
 GPU activities:   56.60%  5.37677s      9539  563.66us  540.74us  606.85us  void tensorflow::SparseTensorDenseMatMulKernel<float, __int64, bool=0, bool=0>(int, int, int, int, int, __int64 const *, float const *, float const , __int64 const **)
                   11.48%  1.09095s     28725  37.979us  17.728us  52.768us  void Eigen::internal::EigenMetaKernel<Eigen::TensorEvaluator<Eigen::TensorAssignOp<Eigen::TensorMap<Eigen::Tensor<float, int=1, int=1, int>, int=16, Eigen::MakePointer>, Eigen::TensorCwiseBinaryOp<Eigen::internal::scalar_product_op<float, float>, Eigen::TensorMap<Eigen::Tensor<float const , int=1, int=1, int>, int=16, Eigen::MakePointer> const , Eigen::TensorMap<Eigen::Tensor<float const , int=1, int=1, long>, int=16, Eigen::MakePointer> const > const > const , Eigen::GpuDevice>, long>(float, int=1)
                    6.44%  611.59ms     19168  31.906us  16.384us  108.83us  void Eigen::internal::EigenMetaKernel<Eigen::TensorEvaluator<Eigen::TensorAssignOp<Eigen::TensorMap<Eigen::Tensor<float, int=1, int=1, int>, int=16, Eigen::MakePointer>, Eigen::TensorCwiseBinaryOp<Eigen::internal::scalar_difference_op<float, float>, Eigen::TensorMap<Eigen::Tensor<float const , int=1, int=1, int>, int=16, Eigen::MakePointer> const , Eigen::TensorMap<Eigen::Tensor<float const , int=1, int=1, long>, int=16, Eigen::MakePointer> const > const > const , Eigen::GpuDevice>, long>(float, int=1)
                    5.34%  506.97ms     28563  17.749us  8.3520us  27.360us  void tensorflow::functor::BlockReduceKernel<float*, float*, int=256, tensorflow::functor::Sum<float>>(float*, float*, int, float, std::iterator_traits<tensorflow::functor::BlockReduceKernel<float*, float*, int=256, tensorflow::functor::Sum<float>>>::value_type)
                    4.57%  433.95ms      9695  44.759us  13.984us  57.088us  void Eigen::internal::EigenMetaKernel<Eigen::TensorEvaluator<Eigen::TensorAssignOp<Eigen::TensorMap<Eigen::Tensor<float, int=1, int=1, int>, int=16, Eigen::MakePointer>, Eigen::TensorCwiseBinaryOp<Eigen::internal::scalar_sum_op<float, float>, Eigen::TensorMap<Eigen::Tensor<float const , int=1, int=1, int>, int=16, Eigen::MakePointer> const , Eigen::TensorMap<Eigen::Tensor<float const , int=1, int=1, long>, int=16, Eigen::MakePointer> const > const > const , Eigen::GpuDevice>, long>(float, int=1)
                    4.29%  407.96ms     19135  21.320us  9.9520us  67.712us  void Eigen::internal::EigenMetaKernel<Eigen::TensorEvaluator<Eigen::TensorAssignOp<Eigen::TensorMap<Eigen::Tensor<float, int=1, int=1, int>, int=16, Eigen::MakePointer>, Eigen::TensorCwiseUnaryOp<Eigen::internal::scalar_right<float, float, Eigen::internal::scalar_product_op<float, float>>, Eigen::TensorMap<Eigen::Tensor<float const , int=1, int=1, int>, int=16, Eigen::MakePointer> const > const > const , Eigen::GpuDevice>, int>(float, int=1)
                    2.28%  216.99ms      9521  22.790us  20.832us  26.752us  void Eigen::internal::EigenMetaKernel<Eigen::TensorEvaluator<Eigen::TensorAssignOp<Eigen::TensorMap<Eigen::Tensor<float, int=1, int=1, int>, int=16, Eigen::MakePointer>, Eigen::TensorCwiseUnaryOp<Eigen::internal::scalar_left<float, float, Eigen::internal::scalar_product_op<float, float>>, Eigen::TensorMap<Eigen::Tensor<float const , int=1, int=1, int>, int=16, Eigen::MakePointer> const > const > const , Eigen::GpuDevice>, int>(float, int=1)
                    2.25%  214.11ms      9530  22.467us  11.520us  24.736us  void tensorflow::functor::BlockReduceKernel<float*, float*, int=256, cub::Max>(float*, float*, int, cub::Max, std::iterator_traits<tensorflow::functor::BlockReduceKernel<float*, float*, int=256, cub::Max>>::value_type)
                    1.64%  156.06ms     19042  8.1950us  1.5360us  33.025us  void Eigen::internal::EigenMetaKernel<Eigen::TensorEvaluator<Eigen::TensorAssignOp<Eigen::TensorMap<Eigen::Tensor<float, int=1, int=1, int>, int=16, Eigen::MakePointer>, Eigen::TensorCwiseUnaryOp<Eigen::internal::scalar_right<float, float, Eigen::internal::div_no_nan_op<float>>, Eigen::TensorMap<Eigen::Tensor<float const , int=1, int=1, int>, int=16, Eigen::MakePointer> const > const > const , Eigen::GpuDevice>, int>(float, int=1)
                    1.49%  141.86ms      9530  14.885us  12.961us  16.672us  void Eigen::internal::EigenMetaKernel<Eigen::TensorEvaluator<Eigen::TensorAssignOp<Eigen::TensorMap<Eigen::Tensor<float, int=1, int=1, int>, int=16, Eigen::MakePointer>, Eigen::TensorCwiseUnaryOp<Eigen::internal::scalar_abs_op<float>, Eigen::TensorMap<Eigen::Tensor<float const , int=1, int=1, int>, int=16, Eigen::MakePointer> const > const > const , Eigen::GpuDevice>, int>(float, int=1)
                    0.93%  88.194ms      9539  9.2450us  7.7120us  12.192us  void Eigen::internal::EigenMetaKernel<Eigen::TensorEvaluator<Eigen::TensorAssignOp<Eigen::TensorMap<Eigen::Tensor<float, int=2, int=1, long>, int=16, Eigen::MakePointer>, Eigen::TensorCwiseNullaryOp<Eigen::internal::scalar_constant_op<float>, Eigen::TensorMap<Eigen::Tensor<float, int=2, int=1, long>, int=16, Eigen::MakePointer> const > const > const , Eigen::GpuDevice>, long>(float, int=2)
                    0.68%  64.624ms      9713  6.6530us     544ns  1.6963ms  [CUDA memcpy HtoD]
                    0.55%  52.377ms     28563  1.8330us  1.4400us  4.5120us  void tensorflow::functor::CleanupSegments<float*, float*, tensorflow::functor::Sum<float>>(float*, float*, int, int, int, float, std::iterator_traits<tensorflow::functor::CleanupSegments<float*, float*, tensorflow::functor::Sum<float>>>::value_type)
                    0.41%  39.409ms     19135  2.0590us     864ns  347.49us  [CUDA memcpy DtoH]
                    0.23%  22.315ms      9530  2.3410us  2.0160us  4.4800us  void tensorflow::functor::CleanupSegments<float*, float*, cub::Max>(float*, float*, int, int, int, cub::Max, std::iterator_traits<tensorflow::functor::CleanupSegments<float*, float*, cub::Max>>::value_type)
                    0.17%  15.708ms      9530  1.6480us  1.2480us  4.8320us  void Eigen::internal::EigenMetaKernel<Eigen::TensorEvaluator<Eigen::TensorAssignOp<Eigen::TensorMap<Eigen::Tensor<bool, int=1, int=1, int>, int=16, Eigen::MakePointer>, Eigen::TensorCwiseUnaryOp<Eigen::internal::scalar_right<bool, bool, Eigen::internal::scalar_boolean_and_op>, Eigen::TensorMap<Eigen::Tensor<bool const , int=1, int=1, int>, int=16, Eigen::MakePointer> const > const > const , Eigen::GpuDevice>, int>(bool, int=1)
                    0.15%  14.153ms      9530  1.4850us  1.1840us  6.0800us  void Eigen::internal::EigenMetaKernel<Eigen::TensorEvaluator<Eigen::TensorAssignOp<Eigen::TensorMap<Eigen::Tensor<bool, int=1, int=1, int>, int=16, Eigen::MakePointer>, Eigen::TensorCwiseUnaryOp<Eigen::internal::scalar_right<bool, float, Eigen::internal::greater<float>>, Eigen::TensorMap<Eigen::Tensor<float const , int=1, int=1, int>, int=16, Eigen::MakePointer> const > const > const , Eigen::GpuDevice>, int>(bool, int=1)
                    0.12%  11.179ms       108  103.51us  87.232us  169.57us  void tensorflow::GatherSliceOpKernel<float, int, int=3>(float const *, int const *, tensorflow::GatherSliceOpKernel<float, int, int=3>*, Eigen::array<__int64, int=3>, Eigen::array, __int64, __int64, __int64)
                    0.06%  5.4265ms       144  37.683us  33.728us  42.817us  void Eigen::internal::EigenMetaKernel<Eigen::TensorEvaluator<Eigen::TensorAssignOp<Eigen::TensorMap<Eigen::Tensor<float, int=4, int=1, int>, int=16, Eigen::MakePointer>, Eigen::TensorSlicingOp<Eigen::DSizes<int, int=4> const , Eigen::DSizes<int, int=4> const , Eigen::TensorMap<Eigen::Tensor<float const , int=4, int=1, int>, int=16, Eigen::MakePointer> const > const > const , Eigen::GpuDevice>, int>(float, int=4)
                    0.05%  5.1418ms       108  47.608us  31.392us  57.632us  void Eigen::internal::EigenMetaKernel<Eigen::TensorEvaluator<Eigen::TensorAssignOp<Eigen::TensorMap<Eigen::Tensor<float, int=2, int=1, int>, int=16, Eigen::MakePointer>, Eigen::TensorSlicingOp<Eigen::DSizes<long, int=2> const , Eigen::DSizes<long, int=2> const , Eigen::TensorMap<Eigen::Tensor<float const , int=2, int=1, int>, int=16, Eigen::MakePointer> const > const > const , Eigen::GpuDevice>, int>(float, int=2)
                    0.03%  2.9104ms        36  80.843us  79.425us  82.049us  void Eigen::internal::EigenMetaKernel<Eigen::TensorEvaluator<Eigen::TensorAssignOp<Eigen::TensorMap<Eigen::Tensor<float, int=4, int=1, int>, int=16, Eigen::MakePointer>, Eigen::TensorMirrorPadOp<Eigen::array<Eigen::IndexPair<int>, unsigned long=4>, Eigen::TensorMap<Eigen::Tensor<float const , int=4, int=1, int>, int=16, Eigen::MakePointer> const > const > const , Eigen::GpuDevice>, int>(float, int=4)
                    0.03%  2.7156ms        54  50.288us  44.832us  59.265us  void Eigen::internal::EigenMetaKernel<Eigen::TensorEvaluator<Eigen::TensorAssignOp<Eigen::TensorSlicingOp<Eigen::array<int, unsigned long=2> const , Eigen::array<int, unsigned long=2> const , Eigen::TensorMap<Eigen::Tensor<float, int=2, int=1, int>, int=16, Eigen::MakePointer>>, Eigen::TensorMap<Eigen::Tensor<float const , int=2, int=1, int>, int=16, Eigen::MakePointer> const > const , Eigen::GpuDevice>, int>(int, unsigned long=2)
                    0.03%  2.6322ms        27  97.487us  93.824us  104.55us  void Eigen::internal::EigenMetaKernel<Eigen::TensorEvaluator<Eigen::TensorAssignOp<Eigen::TensorMap<Eigen::Tensor<float, int=4, int=1, int>, int=16, Eigen::MakePointer>, Eigen::TensorPaddingOp<Eigen::array<Eigen::IndexPair<int>, unsigned long=4> const , Eigen::TensorMap<Eigen::Tensor<float const , int=4, int=1, int>, int=16, Eigen::MakePointer> const > const > const , Eigen::GpuDevice>, int>(float, int=4)
                    0.02%  1.8148ms        30  60.494us  40.960us  64.897us  void Eigen::internal::EigenMetaKernel<Eigen::TensorEvaluator<Eigen::TensorAssignOp<Eigen::TensorMap<Eigen::Tensor<float, int=1, int=1, int>, int=16, Eigen::MakePointer>, Eigen::TensorCwiseUnaryOp<Eigen::internal::scalar_right<float, float, Eigen::internal::scalar_difference_op<float, float>>, Eigen::TensorMap<Eigen::Tensor<float const , int=1, int=1, int>, int=16, Eigen::MakePointer> const > const > const , Eigen::GpuDevice>, int>(float, int=1)
                    0.02%  1.7716ms        27  65.614us  56.608us  73.664us  void Eigen::internal::EigenMetaKernel<Eigen::TensorEvaluator<Eigen::TensorAssignOp<Eigen::TensorMap<Eigen::Tensor<float, int=1, int=1, int>, int=16, Eigen::MakePointer>, Eigen::TensorCwiseUnaryOp<Eigen::internal::scalar_floor_op<float>, Eigen::TensorMap<Eigen::Tensor<float const , int=1, int=1, int>, int=16, Eigen::MakePointer> const > const > const , Eigen::GpuDevice>, int>(float, int=1)
                    0.02%  1.7430ms        27  64.556us  42.464us  73.600us  void Eigen::internal::EigenMetaKernel<Eigen::TensorEvaluator<Eigen::TensorAssignOp<Eigen::TensorMap<Eigen::Tensor<float, int=2, int=1, int>, int=16, Eigen::MakePointer>, Eigen::TensorCwiseBinaryOp<Eigen::internal::scalar_sum_op<float, float>, Eigen::TensorBroadcastingOp<Eigen::array<long, unsigned long=2> const , Eigen::TensorMap<Eigen::Tensor<float const , int=2, int=1, int>, int=16, Eigen::MakePointer> const > const , Eigen::TensorMap<Eigen::Tensor<float const , int=2, int=1, int>, int=16, Eigen::MakePointer> const > const > const , Eigen::GpuDevice>, int>(float, int=2)
                    0.02%  1.7165ms        42  40.868us  22.081us  64.704us  void Eigen::internal::EigenMetaKernel<Eigen::TensorEvaluator<Eigen::TensorAssignOp<Eigen::TensorMap<Eigen::Tensor<float, int=3, int=1, int>, int=16, Eigen::MakePointer>, Eigen::TensorPaddingOp<Eigen::array<Eigen::IndexPair<int>, unsigned long=3> const , Eigen::TensorMap<Eigen::Tensor<float const , int=3, int=1, int>, int=16, Eigen::MakePointer> const > const > const , Eigen::GpuDevice>, int>(float, int=3)
                    0.02%  1.7018ms        27  63.028us  59.616us  66.176us  void Eigen::internal::EigenMetaKernel<Eigen::TensorEvaluator<Eigen::TensorAssignOp<Eigen::TensorMap<Eigen::Tensor<int, int=1, int=1, long>, int=16, Eigen::MakePointer>, Eigen::TensorConversionOp<int, Eigen::TensorMap<Eigen::Tensor<float const , int=1, int=1, long>, int=16, Eigen::MakePointer> const > const > const , Eigen::GpuDevice>, long>(int, int=1)
                    0.02%  1.5296ms        27  56.652us  53.760us  61.857us  void Eigen::internal::EigenMetaKernel<Eigen::TensorEvaluator<Eigen::TensorAssignOp<Eigen::TensorMap<Eigen::Tensor<float, int=1, int=1, int>, int=16, Eigen::MakePointer>, Eigen::TensorCwiseUnaryOp<Eigen::internal::scalar_left<float, float, Eigen::internal::scalar_difference_op<float, float>>, Eigen::TensorMap<Eigen::Tensor<float const , int=1, int=1, int>, int=16, Eigen::MakePointer> const > const > const , Eigen::GpuDevice>, int>(float, int=1)
                    0.01%  1.0990ms        18  61.054us  58.177us  64.577us  void Eigen::internal::EigenMetaKernel<Eigen::TensorEvaluator<Eigen::TensorAssignOp<Eigen::TensorMap<Eigen::Tensor<float, int=2, int=1, int>, int=16, Eigen::MakePointer>, Eigen::TensorCwiseBinaryOp<Eigen::internal::scalar_difference_op<float, float>, Eigen::TensorMap<Eigen::Tensor<float const , int=2, int=1, int>, int=16, Eigen::MakePointer> const , Eigen::TensorBroadcastingOp<Eigen::array<long, unsigned long=2> const , Eigen::TensorMap<Eigen::Tensor<float const , int=2, int=1, int>, int=16, Eigen::MakePointer> const > const > const > const , Eigen::GpuDevice>, int>(float, int=2)
                    0.01%  827.04us        18  45.946us  38.912us  51.009us  void vector_fft<unsigned int=512, unsigned int=16, unsigned int=1, padding_t=6, twiddle_t=0, loadstore_modifier_t=2, layout_t=0, unsigned int, float>(kernel_arguments_t<unsigned int>)
                    0.01%  810.53us         9  90.059us  88.385us  91.040us  void Eigen::internal::EigenMetaKernel<Eigen::TensorEvaluator<Eigen::TensorAssignOp<Eigen::TensorMap<Eigen::Tensor<std::complex<float>, int=1, int=1, int>, int=16, Eigen::MakePointer>, Eigen::TensorCwiseBinaryOp<Eigen::internal::scalar_product_op<std::complex<float>, std::complex<float>>, Eigen::TensorMap<Eigen::Tensor<std::complex<float> const , int=1, int=1, int>, int=16, Eigen::MakePointer> const , Eigen::TensorMap<Eigen::Tensor<std::complex<float> const , int=1, int=1, long>, int=16, Eigen::MakePointer> const > const > const , Eigen::GpuDevice>, long>(float, std::complex<float>)
                    0.01%  628.19us         9  69.799us  65.600us  77.440us  void spRadix0512C::kernel1Mem<unsigned int, float, fftDirection_t=-1, unsigned int=8, unsigned int=2, L1, ALL, WRITEBACK>(kernel_parameters_t<fft_mem_radix1_t, unsigned int, float>)
                    0.01%  607.04us         9  67.449us  64.448us  71.744us  void spRadix0512C::kernel1Mem<unsigned int, float, fftDirection_t=1, unsigned int=8, unsigned int=2, L1, ALL, WRITEBACK>(kernel_parameters_t<fft_mem_radix1_t, unsigned int, float>)
                    0.00%  419.17us         9  46.574us  45.921us  47.169us  void tensorflow::functor::ColumnReduceSimpleKernel<float*, float*, tensorflow::functor::Sum<float>>(float*, float*, int, int, int, float)
                    0.00%  410.47us        18  22.803us  12.641us  30.208us  [CUDA memcpy DtoD]
                    0.00%  370.78us         9  41.198us  40.128us  42.400us  void Eigen::internal::EigenMetaKernel<Eigen::TensorEvaluator<Eigen::TensorAssignOp<Eigen::TensorMap<Eigen::Tensor<std::complex<float>, int=1, int=1, long>, int=16, Eigen::MakePointer>, Eigen::TensorConversionOp<std::complex<float>, Eigen::TensorMap<Eigen::Tensor<float const , int=1, int=1, long>, int=16, Eigen::MakePointer> const > const > const , Eigen::GpuDevice>, long>(float, std::complex<float>)
                    0.00%  338.98us         9  37.664us  33.248us  60.640us  void scal_kernel_val<float2, float>(cublasScalParamsVal<float2, float>)
                    0.00%  258.34us         9  28.704us  26.528us  30.848us  void Eigen::internal::EigenMetaKernel<Eigen::TensorEvaluator<Eigen::TensorAssignOp<Eigen::TensorMap<Eigen::Tensor<float, int=1, int=1, int>, int=16, Eigen::MakePointer>, Eigen::TensorCwiseUnaryOp<Eigen::internal::scalar_real_op<std::complex<float>>, Eigen::TensorMap<Eigen::Tensor<std::complex<float> const , int=1, int=1, int>, int=16, Eigen::MakePointer> const > const > const , Eigen::GpuDevice>, int>(float, int=1)
                    0.00%  192.16us         3  64.053us  63.136us  64.672us  void Eigen::internal::EigenMetaKernel<Eigen::TensorEvaluator<Eigen::TensorAssignOp<Eigen::TensorMap<Eigen::Tensor<float, int=2, int=1, int>, int=16, Eigen::MakePointer>, Eigen::TensorCwiseBinaryOp<Eigen::internal::scalar_product_op<float, float>, Eigen::TensorBroadcastingOp<Eigen::array<long, unsigned long=2> const , Eigen::TensorMap<Eigen::Tensor<float const , int=2, int=1, int>, int=16, Eigen::MakePointer> const > const , Eigen::TensorMap<Eigen::Tensor<float const , int=2, int=1, int>, int=16, Eigen::MakePointer> const > const > const , Eigen::GpuDevice>, int>(float, int=2)
                    0.00%  100.26us         3  33.419us  27.168us  42.369us  void Eigen::internal::EigenMetaKernel<Eigen::TensorEvaluator<Eigen::TensorAssignOp<Eigen::TensorMap<Eigen::Tensor<float, int=1, int=1, long>, int=16, Eigen::MakePointer>, Eigen::TensorCwiseBinaryOp<Eigen::internal::scalar_sum_op<float const , float const >, Eigen::TensorMap<Eigen::Tensor<float const , int=1, int=1, long>, int=16, Eigen::MakePointer> const , Eigen::TensorMap<Eigen::Tensor<float const , int=1, int=1, long>, int=16, Eigen::MakePointer> const > const > const , Eigen::GpuDevice>, long>(float, int=1)
                    0.00%  1.3120us         1  1.3120us  1.3120us  1.3120us  [CUDA memset]
      API calls:   79.35%  5.18512s    229902  22.553us  3.9390us  1.00195s  cudaLaunchKernel
                    8.17%  533.75ms        22  24.262ms     662ns  181.08ms  cudaFree
                    2.96%  193.16ms     19135  10.094us  5.0270us  419.80us  cuMemcpyDtoHAsync
                    2.44%  159.48ms    170407     935ns     312ns  612.07us  cuEventQuery
                    2.08%  136.14ms       228  597.10us  2.4770us  36.216ms  cuModuleUnload
                    1.49%  97.679ms     57694  1.6930us     519ns  436.35us  cudaPointerGetAttributes
                    1.44%  94.184ms      9712  9.6970us  3.5880us  415.15us  cuMemcpyHtoDAsync
                    1.11%  72.594ms     57742  1.2570us     397ns  457.24us  cuEventRecord
                    0.53%  34.692ms     28871  1.2010us     486ns  460.96us  cuStreamWaitEvent
                    0.20%  13.259ms         5  2.6518ms  416.52us  8.2007ms  cuMemHostAlloc
                    0.07%  4.3726ms         1  4.3726ms  4.3726ms  4.3726ms  cuMemAlloc
                    0.05%  3.2992ms        20  164.96us  100.54us  203.33us  cudaGetDeviceProperties
                    0.03%  2.0996ms        14  149.97us  44.258us  330.89us  cuDeviceTotalMem
                    0.03%  1.7641ms       655  2.6930us     112ns  134.83us  cuDeviceGetAttribute
                    0.02%  1.5330ms         3  511.00us  503.60us  519.59us  cuCtxSynchronize
                    0.00%  280.39us        14  20.027us  9.6120us  51.656us  cuDeviceGetName
                    0.00%  266.52us         3  88.840us  3.7910us  251.49us  cudaMalloc
                    0.00%  218.44us        18  12.135us  5.8120us  19.130us  cudaMemcpyAsync
                    0.00%  215.03us       288     746ns     321ns  3.0240us  cudaFuncSetCacheConfig
                    0.00%  135.97us        10  13.597us  1.4000us  107.37us  cuStreamCreate
                    0.00%  87.959us        92     956ns     347ns  3.0380us  cudaGetDevice
                    0.00%  29.240us        10  2.9240us  1.3980us  9.4500us  cuDeviceGetPCIBusId
                    0.00%  24.297us         1  24.297us  24.297us  24.297us  cuMemGetInfo
                    0.00%  24.096us        19  1.2680us     324ns  7.3550us  cuEventCreate
                    0.00%  23.095us        11  2.0990us     316ns  4.2900us  cuCtxSetCurrent
                    0.00%  19.200us        39     492ns     158ns  2.3330us  cudaGetLastError
                    0.00%  17.192us         1  17.192us  17.192us  17.192us  cuMemsetD32
                    0.00%  13.248us         1  13.248us  13.248us  13.248us  cudaMemcpy
                    0.00%  11.143us         5  2.2280us  1.5550us  2.6580us  cuInit
                    0.00%  10.166us        18     564ns     301ns  1.6210us  cudaPeekAtLastError
                    0.00%  8.4880us        16     530ns     421ns  1.8160us  cudaEventCreateWithFlags
                    0.00%  7.8370us        18     435ns     265ns     669ns  cudaGetErrorString
                    0.00%  7.3510us        16     459ns     203ns  2.2860us  cuDeviceGet
                    0.00%  5.4150us        14     386ns     158ns  1.6260us  cuDriverGetVersion
                    0.00%  5.1300us        13     394ns     153ns  1.0760us  cuDeviceGetCount
                    0.00%  4.4010us        11     400ns     273ns  1.1440us  cudaDeviceGetAttribute
                    0.00%  3.0770us         2  1.5380us  1.3780us  1.6990us  cudaSetDevice
                    0.00%  1.9370us         4     484ns     240ns     712ns  cuDevicePrimaryCtxRelease
                    0.00%  1.2470us         5     249ns     182ns     287ns  cuDeviceGetUuid
                    0.00%  1.0790us         1  1.0790us  1.0790us  1.0790us  cudaGetDeviceCount
                    0.00%     446ns         1     446ns     446ns     446ns  cuDevicePrimaryCtxGetState
                    0.00%     324ns         1     324ns     324ns     324ns  cuDevicePrimaryCtxRetain
                    0.00%     249ns         1     249ns     249ns     249ns  cuCtxGetDevice
                    0.00%     209ns         1     209ns     209ns     209ns  cuCtxGetCurrent
