/home/oguzziya/miniconda3/envs/phiflow-py36/lib/python3.6/site-packages/tensorflow/python/framework/dtypes.py:516: FutureWarning: Passing (type, 1) or '1type' as a synonym of type is deprecated; in a future version of numpy, it will be understood as (type, (1,)) / '(1,)type'.
  _np_qint8 = np.dtype([("qint8", np.int8, 1)])
/home/oguzziya/miniconda3/envs/phiflow-py36/lib/python3.6/site-packages/tensorflow/python/framework/dtypes.py:517: FutureWarning: Passing (type, 1) or '1type' as a synonym of type is deprecated; in a future version of numpy, it will be understood as (type, (1,)) / '(1,)type'.
  _np_quint8 = np.dtype([("quint8", np.uint8, 1)])
/home/oguzziya/miniconda3/envs/phiflow-py36/lib/python3.6/site-packages/tensorflow/python/framework/dtypes.py:518: FutureWarning: Passing (type, 1) or '1type' as a synonym of type is deprecated; in a future version of numpy, it will be understood as (type, (1,)) / '(1,)type'.
  _np_qint16 = np.dtype([("qint16", np.int16, 1)])
/home/oguzziya/miniconda3/envs/phiflow-py36/lib/python3.6/site-packages/tensorflow/python/framework/dtypes.py:519: FutureWarning: Passing (type, 1) or '1type' as a synonym of type is deprecated; in a future version of numpy, it will be understood as (type, (1,)) / '(1,)type'.
  _np_quint16 = np.dtype([("quint16", np.uint16, 1)])
/home/oguzziya/miniconda3/envs/phiflow-py36/lib/python3.6/site-packages/tensorflow/python/framework/dtypes.py:520: FutureWarning: Passing (type, 1) or '1type' as a synonym of type is deprecated; in a future version of numpy, it will be understood as (type, (1,)) / '(1,)type'.
  _np_qint32 = np.dtype([("qint32", np.int32, 1)])
/home/oguzziya/miniconda3/envs/phiflow-py36/lib/python3.6/site-packages/tensorflow/python/framework/dtypes.py:525: FutureWarning: Passing (type, 1) or '1type' as a synonym of type is deprecated; in a future version of numpy, it will be understood as (type, (1,)) / '(1,)type'.
  np_resource = np.dtype([("resource", np.ubyte, 1)])
/home/oguzziya/miniconda3/envs/phiflow-py36/lib/python3.6/site-packages/tensorboard/compat/tensorflow_stub/dtypes.py:541: FutureWarning: Passing (type, 1) or '1type' as a synonym of type is deprecated; in a future version of numpy, it will be understood as (type, (1,)) / '(1,)type'.
  _np_qint8 = np.dtype([("qint8", np.int8, 1)])
/home/oguzziya/miniconda3/envs/phiflow-py36/lib/python3.6/site-packages/tensorboard/compat/tensorflow_stub/dtypes.py:542: FutureWarning: Passing (type, 1) or '1type' as a synonym of type is deprecated; in a future version of numpy, it will be understood as (type, (1,)) / '(1,)type'.
  _np_quint8 = np.dtype([("quint8", np.uint8, 1)])
/home/oguzziya/miniconda3/envs/phiflow-py36/lib/python3.6/site-packages/tensorboard/compat/tensorflow_stub/dtypes.py:543: FutureWarning: Passing (type, 1) or '1type' as a synonym of type is deprecated; in a future version of numpy, it will be understood as (type, (1,)) / '(1,)type'.
  _np_qint16 = np.dtype([("qint16", np.int16, 1)])
/home/oguzziya/miniconda3/envs/phiflow-py36/lib/python3.6/site-packages/tensorboard/compat/tensorflow_stub/dtypes.py:544: FutureWarning: Passing (type, 1) or '1type' as a synonym of type is deprecated; in a future version of numpy, it will be understood as (type, (1,)) / '(1,)type'.
  _np_quint16 = np.dtype([("quint16", np.uint16, 1)])
/home/oguzziya/miniconda3/envs/phiflow-py36/lib/python3.6/site-packages/tensorboard/compat/tensorflow_stub/dtypes.py:545: FutureWarning: Passing (type, 1) or '1type' as a synonym of type is deprecated; in a future version of numpy, it will be understood as (type, (1,)) / '(1,)type'.
  _np_qint32 = np.dtype([("qint32", np.int32, 1)])
/home/oguzziya/miniconda3/envs/phiflow-py36/lib/python3.6/site-packages/tensorboard/compat/tensorflow_stub/dtypes.py:550: FutureWarning: Passing (type, 1) or '1type' as a synonym of type is deprecated; in a future version of numpy, it will be understood as (type, (1,)) / '(1,)type'.
  np_resource = np.dtype([("resource", np.ubyte, 1)])
/home/oguzziya/miniconda3/envs/phiflow-py36/lib/python3.6/site-packages/phi/viz/display.py:80: UserWarning: GUI is disabled because of missing dependencies: No module named 'dash_core_components'. To install all dependencies, run $ pip install phiflow[gui]
  warnings.warn('GUI is disabled because of missing dependencies: %s. To install all dependencies, run $ pip install phiflow[gui]' % import_error)
WARNING:tensorflow:From /home/oguzziya/miniconda3/envs/phiflow-py36/lib/python3.6/site-packages/phi/tf/util.py:119: The name tf.AUTO_REUSE is deprecated. Please use tf.compat.v1.AUTO_REUSE instead.

WARNING:tensorflow:From /home/oguzziya/miniconda3/envs/phiflow-py36/lib/python3.6/site-packages/phi/tf/profiling.py:12: The name tf.RunOptions is deprecated. Please use tf.compat.v1.RunOptions instead.

WARNING:tensorflow:From /home/oguzziya/miniconda3/envs/phiflow-py36/lib/python3.6/site-packages/phi/tf/profiling.py:13: The name tf.RunMetadata is deprecated. Please use tf.compat.v1.RunMetadata instead.

/home/oguzziya/miniconda3/envs/phiflow-py36/lib/python3.6/site-packages/phi/tf/flow.py:15: UserWarning: TensorFlow-CUDA solver is not available. To compile it, download phiflow sources and run
$ python setup.py tf_cuda
before reinstalling phiflow.
  warnings.warn("TensorFlow-CUDA solver is not available. To compile it, download phiflow sources and run\n$ python setup.py tf_cuda\nbefore reinstalling phiflow.")
WARNING:tensorflow:From /home/oguzziya/miniconda3/envs/phiflow-py36/lib/python3.6/site-packages/phi/tf/session.py:17: The name tf.Session is deprecated. Please use tf.compat.v1.Session instead.

2021-01-12 19:20:45.437361: I tensorflow/stream_executor/platform/default/dso_loader.cc:42] Successfully opened dynamic library libcuda.so.1
==23768== NVPROF is profiling process 23768, command: python ../manual_fluid_numpy_or_tf.py 64
2021-01-12 19:20:45.586387: I tensorflow/stream_executor/cuda/cuda_gpu_executor.cc:1005] successful NUMA node read from SysFS had negative value (-1), but there must be at least one NUMA node, so returning NUMA node zero
2021-01-12 19:20:45.586789: I tensorflow/core/common_runtime/gpu/gpu_device.cc:1640] Found device 0 with properties: 
name: GeForce GTX 960M major: 5 minor: 0 memoryClockRate(GHz): 1.176
pciBusID: 0000:01:00.0
2021-01-12 19:20:45.586971: I tensorflow/stream_executor/platform/default/dso_loader.cc:42] Successfully opened dynamic library libcudart.so.10.1
2021-01-12 19:20:45.588487: I tensorflow/stream_executor/platform/default/dso_loader.cc:42] Successfully opened dynamic library libcublas.so.10
2021-01-12 19:20:45.589903: I tensorflow/stream_executor/platform/default/dso_loader.cc:42] Successfully opened dynamic library libcufft.so.10
2021-01-12 19:20:45.590151: I tensorflow/stream_executor/platform/default/dso_loader.cc:42] Successfully opened dynamic library libcurand.so.10
2021-01-12 19:20:45.591765: I tensorflow/stream_executor/platform/default/dso_loader.cc:42] Successfully opened dynamic library libcusolver.so.10
2021-01-12 19:20:45.592683: I tensorflow/stream_executor/platform/default/dso_loader.cc:42] Successfully opened dynamic library libcusparse.so.10
2021-01-12 19:20:45.595815: I tensorflow/stream_executor/platform/default/dso_loader.cc:42] Successfully opened dynamic library libcudnn.so.7
2021-01-12 19:20:45.595940: I tensorflow/stream_executor/cuda/cuda_gpu_executor.cc:1005] successful NUMA node read from SysFS had negative value (-1), but there must be at least one NUMA node, so returning NUMA node zero
2021-01-12 19:20:45.596303: I tensorflow/stream_executor/cuda/cuda_gpu_executor.cc:1005] successful NUMA node read from SysFS had negative value (-1), but there must be at least one NUMA node, so returning NUMA node zero
2021-01-12 19:20:45.596578: I tensorflow/core/common_runtime/gpu/gpu_device.cc:1763] Adding visible gpu devices: 0
2021-01-12 19:20:45.596836: I tensorflow/core/platform/cpu_feature_guard.cc:142] Your CPU supports instructions that this TensorFlow binary was not compiled to use: SSE4.1 SSE4.2 AVX AVX2 FMA
2021-01-12 19:20:45.601483: I tensorflow/core/platform/profile_utils/cpu_utils.cc:94] CPU Frequency: 2594070000 Hz
2021-01-12 19:20:45.601791: I tensorflow/compiler/xla/service/service.cc:168] XLA service 0x563f3bcb50b0 executing computations on platform Host. Devices:
2021-01-12 19:20:45.601823: I tensorflow/compiler/xla/service/service.cc:175]   StreamExecutor device (0): <undefined>, <undefined>
2021-01-12 19:20:45.601972: I tensorflow/stream_executor/cuda/cuda_gpu_executor.cc:1005] successful NUMA node read from SysFS had negative value (-1), but there must be at least one NUMA node, so returning NUMA node zero
2021-01-12 19:20:45.602306: I tensorflow/core/common_runtime/gpu/gpu_device.cc:1640] Found device 0 with properties: 
name: GeForce GTX 960M major: 5 minor: 0 memoryClockRate(GHz): 1.176
pciBusID: 0000:01:00.0
2021-01-12 19:20:45.602341: I tensorflow/stream_executor/platform/default/dso_loader.cc:42] Successfully opened dynamic library libcudart.so.10.1
2021-01-12 19:20:45.602354: I tensorflow/stream_executor/platform/default/dso_loader.cc:42] Successfully opened dynamic library libcublas.so.10
2021-01-12 19:20:45.602365: I tensorflow/stream_executor/platform/default/dso_loader.cc:42] Successfully opened dynamic library libcufft.so.10
2021-01-12 19:20:45.602377: I tensorflow/stream_executor/platform/default/dso_loader.cc:42] Successfully opened dynamic library libcurand.so.10
2021-01-12 19:20:45.602388: I tensorflow/stream_executor/platform/default/dso_loader.cc:42] Successfully opened dynamic library libcusolver.so.10
2021-01-12 19:20:45.602399: I tensorflow/stream_executor/platform/default/dso_loader.cc:42] Successfully opened dynamic library libcusparse.so.10
2021-01-12 19:20:45.602410: I tensorflow/stream_executor/platform/default/dso_loader.cc:42] Successfully opened dynamic library libcudnn.so.7
2021-01-12 19:20:45.602457: I tensorflow/stream_executor/cuda/cuda_gpu_executor.cc:1005] successful NUMA node read from SysFS had negative value (-1), but there must be at least one NUMA node, so returning NUMA node zero
2021-01-12 19:20:45.602781: I tensorflow/stream_executor/cuda/cuda_gpu_executor.cc:1005] successful NUMA node read from SysFS had negative value (-1), but there must be at least one NUMA node, so returning NUMA node zero
2021-01-12 19:20:45.603065: I tensorflow/core/common_runtime/gpu/gpu_device.cc:1763] Adding visible gpu devices: 0
2021-01-12 19:20:45.603091: I tensorflow/stream_executor/platform/default/dso_loader.cc:42] Successfully opened dynamic library libcudart.so.10.1
2021-01-12 19:20:45.708531: I tensorflow/core/common_runtime/gpu/gpu_device.cc:1181] Device interconnect StreamExecutor with strength 1 edge matrix:
2021-01-12 19:20:45.708569: I tensorflow/core/common_runtime/gpu/gpu_device.cc:1187]      0 
2021-01-12 19:20:45.708576: I tensorflow/core/common_runtime/gpu/gpu_device.cc:1200] 0:   N 
2021-01-12 19:20:45.708717: I tensorflow/stream_executor/cuda/cuda_gpu_executor.cc:1005] successful NUMA node read from SysFS had negative value (-1), but there must be at least one NUMA node, so returning NUMA node zero
2021-01-12 19:20:45.709061: I tensorflow/stream_executor/cuda/cuda_gpu_executor.cc:1005] successful NUMA node read from SysFS had negative value (-1), but there must be at least one NUMA node, so returning NUMA node zero
2021-01-12 19:20:45.709375: I tensorflow/stream_executor/cuda/cuda_gpu_executor.cc:1005] successful NUMA node read from SysFS had negative value (-1), but there must be at least one NUMA node, so returning NUMA node zero
2021-01-12 19:20:45.709666: I tensorflow/core/common_runtime/gpu/gpu_device.cc:1326] Created TensorFlow device (/job:localhost/replica:0/task:0/device:GPU:0 with 3642 MB memory) -> physical GPU (device: 0, name: GeForce GTX 960M, pci bus id: 0000:01:00.0, compute capability: 5.0)
2021-01-12 19:20:45.711017: I tensorflow/compiler/xla/service/service.cc:168] XLA service 0x563f423ee6f0 executing computations on platform CUDA. Devices:
2021-01-12 19:20:45.711032: I tensorflow/compiler/xla/service/service.cc:175]   StreamExecutor device (0): GeForce GTX 960M, Compute Capability 5.0
WARNING:tensorflow:From /home/oguzziya/miniconda3/envs/phiflow-py36/lib/python3.6/site-packages/phi/tf/session.py:18: The name tf.get_default_graph is deprecated. Please use tf.compat.v1.get_default_graph instead.

Could not load resample cuda libraries: CUDA binaries not found at /home/oguzziya/miniconda3/envs/phiflow-py36/lib/python3.6/site-packages/phi/tf/cuda/build/resample.so. Run "python setup.py cuda" to compile them
==23768== Profiling application: python ../manual_fluid_numpy_or_tf.py 64
==23768== Profiling result:
            Type  Time(%)      Time     Calls       Avg       Min       Max  Name
 GPU activities:   21.88%  15.650ms      3786  4.1330us  4.0640us  6.3360us  void tensorflow::functor::BlockReduceKernel<float*, float*, int=256, tensorflow::functor::Sum<float>>(float*, float*, int, float, std::iterator_traits<tensorflow::functor::BlockReduceKernel<float*, float*, int=256, tensorflow::functor::Sum<float>>>::value_type)
                   16.24%  11.612ms      1274  9.1140us  8.6720us  13.888us  void tensorflow::SparseTensorDenseMatMulKernel<float, __int64, bool=0, bool=0>(int, int, int, int, int, __int64 const *, float const *, float const , __int64 const **)
                    9.65%  6.9037ms      3948  1.7480us  1.6000us  5.4720us  void Eigen::internal::EigenMetaKernel<Eigen::TensorEvaluator<Eigen::TensorAssignOp<Eigen::TensorMap<Eigen::Tensor<float, int=1, int=1, int>, int=16, Eigen::MakePointer>, Eigen::TensorCwiseBinaryOp<Eigen::internal::scalar_product_op<float, float>, Eigen::TensorMap<Eigen::Tensor<float const , int=1, int=1, int>, int=16, Eigen::MakePointer> const , Eigen::TensorMap<Eigen::Tensor<float const , int=1, int=1, long>, int=16, Eigen::MakePointer> const > const > const , Eigen::GpuDevice>, long>(float, int=1)
                    8.08%  5.7784ms      1271  4.5460us  4.4480us  5.5360us  void tensorflow::functor::BlockReduceKernel<float*, float*, int=256, cub::Max>(float*, float*, int, cub::Max, std::iterator_traits<tensorflow::functor::BlockReduceKernel<float*, float*, int=256, cub::Max>>::value_type)
                    7.06%  5.0498ms      2524  2.0000us  1.4400us  6.2400us  void Eigen::internal::EigenMetaKernel<Eigen::TensorEvaluator<Eigen::TensorAssignOp<Eigen::TensorMap<Eigen::Tensor<float, int=1, int=1, int>, int=16, Eigen::MakePointer>, Eigen::TensorCwiseUnaryOp<Eigen::internal::scalar_right<float, float, Eigen::internal::div_no_nan_op<float>>, Eigen::TensorMap<Eigen::Tensor<float const , int=1, int=1, int>, int=16, Eigen::MakePointer> const > const > const , Eigen::GpuDevice>, int>(float, int=1)
                    6.44%  4.6067ms      2650  1.7380us  1.6000us  2.3360us  void Eigen::internal::EigenMetaKernel<Eigen::TensorEvaluator<Eigen::TensorAssignOp<Eigen::TensorMap<Eigen::Tensor<float, int=1, int=1, int>, int=16, Eigen::MakePointer>, Eigen::TensorCwiseBinaryOp<Eigen::internal::scalar_difference_op<float, float>, Eigen::TensorMap<Eigen::Tensor<float const , int=1, int=1, int>, int=16, Eigen::MakePointer> const , Eigen::TensorMap<Eigen::Tensor<float const , int=1, int=1, long>, int=16, Eigen::MakePointer> const > const > const , Eigen::GpuDevice>, long>(float, int=1)
                    5.91%  4.2304ms      2617  1.6160us  1.5040us  2.1120us  void Eigen::internal::EigenMetaKernel<Eigen::TensorEvaluator<Eigen::TensorAssignOp<Eigen::TensorMap<Eigen::Tensor<float, int=1, int=1, int>, int=16, Eigen::MakePointer>, Eigen::TensorCwiseUnaryOp<Eigen::internal::scalar_right<float, float, Eigen::internal::scalar_product_op<float, float>>, Eigen::TensorMap<Eigen::Tensor<float const , int=1, int=1, int>, int=16, Eigen::MakePointer> const > const > const , Eigen::GpuDevice>, int>(float, int=1)
                    3.50%  2.5029ms      1436  1.7420us  1.6000us  2.0800us  void Eigen::internal::EigenMetaKernel<Eigen::TensorEvaluator<Eigen::TensorAssignOp<Eigen::TensorMap<Eigen::Tensor<float, int=1, int=1, int>, int=16, Eigen::MakePointer>, Eigen::TensorCwiseBinaryOp<Eigen::internal::scalar_sum_op<float, float>, Eigen::TensorMap<Eigen::Tensor<float const , int=1, int=1, int>, int=16, Eigen::MakePointer> const , Eigen::TensorMap<Eigen::Tensor<float const , int=1, int=1, long>, int=16, Eigen::MakePointer> const > const > const , Eigen::GpuDevice>, long>(float, int=1)
                    3.16%  2.2597ms      2581     875ns     800ns  8.1920us  [CUDA memcpy DtoH]
                    2.99%  2.1350ms      1262  1.6910us  1.5680us  1.8880us  void Eigen::internal::EigenMetaKernel<Eigen::TensorEvaluator<Eigen::TensorAssignOp<Eigen::TensorMap<Eigen::Tensor<float, int=1, int=1, int>, int=16, Eigen::MakePointer>, Eigen::TensorCwiseUnaryOp<Eigen::internal::scalar_left<float, float, Eigen::internal::scalar_product_op<float, float>>, Eigen::TensorMap<Eigen::Tensor<float const , int=1, int=1, int>, int=16, Eigen::MakePointer> const > const > const , Eigen::GpuDevice>, int>(float, int=1)
                    2.86%  2.0435ms      1271  1.6070us  1.5360us  1.8880us  void Eigen::internal::EigenMetaKernel<Eigen::TensorEvaluator<Eigen::TensorAssignOp<Eigen::TensorMap<Eigen::Tensor<float, int=1, int=1, int>, int=16, Eigen::MakePointer>, Eigen::TensorCwiseUnaryOp<Eigen::internal::scalar_abs_op<float>, Eigen::TensorMap<Eigen::Tensor<float const , int=1, int=1, int>, int=16, Eigen::MakePointer> const > const > const , Eigen::GpuDevice>, int>(float, int=1)
                    2.78%  1.9855ms      1274  1.5580us  1.4720us  5.4080us  void Eigen::internal::EigenMetaKernel<Eigen::TensorEvaluator<Eigen::TensorAssignOp<Eigen::TensorMap<Eigen::Tensor<float, int=2, int=1, long>, int=16, Eigen::MakePointer>, Eigen::TensorCwiseNullaryOp<Eigen::internal::scalar_constant_op<float>, Eigen::TensorMap<Eigen::Tensor<float, int=2, int=1, long>, int=16, Eigen::MakePointer> const > const > const , Eigen::GpuDevice>, long>(float, int=2)
                    2.42%  1.7319ms      1271  1.3620us  1.2160us  1.8880us  void Eigen::internal::EigenMetaKernel<Eigen::TensorEvaluator<Eigen::TensorAssignOp<Eigen::TensorMap<Eigen::Tensor<bool, int=1, int=1, int>, int=16, Eigen::MakePointer>, Eigen::TensorCwiseUnaryOp<Eigen::internal::scalar_right<bool, bool, Eigen::internal::scalar_boolean_and_op>, Eigen::TensorMap<Eigen::Tensor<bool const , int=1, int=1, int>, int=16, Eigen::MakePointer> const > const > const , Eigen::GpuDevice>, int>(bool, int=1)
                    2.19%  1.5672ms      1418  1.1050us     544ns  30.208us  [CUDA memcpy HtoD]
                    2.14%  1.5310ms      1271  1.2040us  1.1200us  1.7280us  void Eigen::internal::EigenMetaKernel<Eigen::TensorEvaluator<Eigen::TensorAssignOp<Eigen::TensorMap<Eigen::Tensor<bool, int=1, int=1, int>, int=16, Eigen::MakePointer>, Eigen::TensorCwiseUnaryOp<Eigen::internal::scalar_right<bool, float, Eigen::internal::greater<float>>, Eigen::TensorMap<Eigen::Tensor<float const , int=1, int=1, int>, int=16, Eigen::MakePointer> const > const > const , Eigen::GpuDevice>, int>(bool, int=1)
                    0.49%  350.72us        27  12.989us  12.800us  13.888us  void Eigen::internal::EigenMetaKernel<Eigen::TensorEvaluator<Eigen::TensorAssignOp<Eigen::TensorMap<Eigen::Tensor<float, int=4, int=1, int>, int=16, Eigen::MakePointer>, Eigen::TensorPaddingOp<Eigen::array<Eigen::IndexPair<int>, unsigned long=4> const , Eigen::TensorMap<Eigen::Tensor<float const , int=4, int=1, int>, int=16, Eigen::MakePointer> const > const > const , Eigen::GpuDevice>, int>(float, int=4)
                    0.40%  288.00us       144  2.0000us  1.8560us  2.4320us  void Eigen::internal::EigenMetaKernel<Eigen::TensorEvaluator<Eigen::TensorAssignOp<Eigen::TensorMap<Eigen::Tensor<float, int=4, int=1, int>, int=16, Eigen::MakePointer>, Eigen::TensorSlicingOp<Eigen::DSizes<int, int=4> const , Eigen::DSizes<int, int=4> const , Eigen::TensorMap<Eigen::Tensor<float const , int=4, int=1, int>, int=16, Eigen::MakePointer> const > const > const , Eigen::GpuDevice>, int>(float, int=4)
                    0.37%  266.37us        42  6.3420us  3.3920us  9.8240us  void Eigen::internal::EigenMetaKernel<Eigen::TensorEvaluator<Eigen::TensorAssignOp<Eigen::TensorMap<Eigen::Tensor<float, int=3, int=1, int>, int=16, Eigen::MakePointer>, Eigen::TensorPaddingOp<Eigen::array<Eigen::IndexPair<int>, unsigned long=3> const , Eigen::TensorMap<Eigen::Tensor<float const , int=3, int=1, int>, int=16, Eigen::MakePointer> const > const > const , Eigen::GpuDevice>, int>(float, int=3)
                    0.35%  250.24us       108  2.3170us  2.1440us  2.6880us  void tensorflow::GatherSliceOpKernel<float, int, int=3>(float const *, int const *, tensorflow::GatherSliceOpKernel<float, int, int=3>*, Eigen::array<__int64, int=3>, Eigen::array, __int64, __int64, __int64)
                    0.25%  177.38us       108  1.6420us  1.5680us  1.8880us  void Eigen::internal::EigenMetaKernel<Eigen::TensorEvaluator<Eigen::TensorAssignOp<Eigen::TensorMap<Eigen::Tensor<float, int=2, int=1, int>, int=16, Eigen::MakePointer>, Eigen::TensorSlicingOp<Eigen::DSizes<long, int=2> const , Eigen::DSizes<long, int=2> const , Eigen::TensorMap<Eigen::Tensor<float const , int=2, int=1, int>, int=16, Eigen::MakePointer> const > const > const , Eigen::GpuDevice>, int>(float, int=2)
                    0.16%  112.19us        36  3.1160us  3.0080us  3.5520us  void Eigen::internal::EigenMetaKernel<Eigen::TensorEvaluator<Eigen::TensorAssignOp<Eigen::TensorMap<Eigen::Tensor<float, int=4, int=1, int>, int=16, Eigen::MakePointer>, Eigen::TensorMirrorPadOp<Eigen::array<Eigen::IndexPair<int>, unsigned long=4>, Eigen::TensorMap<Eigen::Tensor<float const , int=4, int=1, int>, int=16, Eigen::MakePointer> const > const > const , Eigen::GpuDevice>, int>(float, int=4)
                    0.12%  84.320us        54  1.5610us  1.4400us  1.8560us  void Eigen::internal::EigenMetaKernel<Eigen::TensorEvaluator<Eigen::TensorAssignOp<Eigen::TensorSlicingOp<Eigen::array<int, unsigned long=2> const , Eigen::array<int, unsigned long=2> const , Eigen::TensorMap<Eigen::Tensor<float, int=2, int=1, int>, int=16, Eigen::MakePointer>>, Eigen::TensorMap<Eigen::Tensor<float const , int=2, int=1, int>, int=16, Eigen::MakePointer> const > const , Eigen::GpuDevice>, int>(int, unsigned long=2)
                    0.11%  80.448us        27  2.9790us  2.8160us  3.7120us  void Eigen::internal::EigenMetaKernel<Eigen::TensorEvaluator<Eigen::TensorAssignOp<Eigen::TensorMap<Eigen::Tensor<float, int=2, int=1, int>, int=16, Eigen::MakePointer>, Eigen::TensorCwiseBinaryOp<Eigen::internal::scalar_sum_op<float, float>, Eigen::TensorBroadcastingOp<Eigen::array<long, unsigned long=2> const , Eigen::TensorMap<Eigen::Tensor<float const , int=2, int=1, int>, int=16, Eigen::MakePointer> const > const , Eigen::TensorMap<Eigen::Tensor<float const , int=2, int=1, int>, int=16, Eigen::MakePointer> const > const > const , Eigen::GpuDevice>, int>(float, int=2)
                    0.07%  52.800us        30  1.7600us  1.6000us  2.1760us  void Eigen::internal::EigenMetaKernel<Eigen::TensorEvaluator<Eigen::TensorAssignOp<Eigen::TensorMap<Eigen::Tensor<float, int=1, int=1, int>, int=16, Eigen::MakePointer>, Eigen::TensorCwiseUnaryOp<Eigen::internal::scalar_right<float, float, Eigen::internal::scalar_difference_op<float, float>>, Eigen::TensorMap<Eigen::Tensor<float const , int=1, int=1, int>, int=16, Eigen::MakePointer> const > const > const , Eigen::GpuDevice>, int>(float, int=1)
                    0.07%  52.672us        18  2.9260us  2.7200us  3.7440us  void Eigen::internal::EigenMetaKernel<Eigen::TensorEvaluator<Eigen::TensorAssignOp<Eigen::TensorMap<Eigen::Tensor<float, int=2, int=1, int>, int=16, Eigen::MakePointer>, Eigen::TensorCwiseBinaryOp<Eigen::internal::scalar_difference_op<float, float>, Eigen::TensorMap<Eigen::Tensor<float const , int=2, int=1, int>, int=16, Eigen::MakePointer> const , Eigen::TensorBroadcastingOp<Eigen::array<long, unsigned long=2> const , Eigen::TensorMap<Eigen::Tensor<float const , int=2, int=1, int>, int=16, Eigen::MakePointer> const > const > const > const , Eigen::GpuDevice>, int>(float, int=2)
                    0.07%  49.664us        27  1.8390us  1.7280us  2.2080us  void Eigen::internal::EigenMetaKernel<Eigen::TensorEvaluator<Eigen::TensorAssignOp<Eigen::TensorMap<Eigen::Tensor<float, int=1, int=1, int>, int=16, Eigen::MakePointer>, Eigen::TensorCwiseUnaryOp<Eigen::internal::scalar_floor_op<float>, Eigen::TensorMap<Eigen::Tensor<float const , int=1, int=1, int>, int=16, Eigen::MakePointer> const > const > const , Eigen::GpuDevice>, int>(float, int=1)
                    0.07%  48.992us        27  1.8140us  1.6960us  2.1120us  void Eigen::internal::EigenMetaKernel<Eigen::TensorEvaluator<Eigen::TensorAssignOp<Eigen::TensorMap<Eigen::Tensor<float, int=1, int=1, int>, int=16, Eigen::MakePointer>, Eigen::TensorCwiseUnaryOp<Eigen::internal::scalar_left<float, float, Eigen::internal::scalar_difference_op<float, float>>, Eigen::TensorMap<Eigen::Tensor<float const , int=1, int=1, int>, int=16, Eigen::MakePointer> const > const > const , Eigen::GpuDevice>, int>(float, int=1)
                    0.07%  46.816us        27  1.7330us  1.6000us  1.9840us  void Eigen::internal::EigenMetaKernel<Eigen::TensorEvaluator<Eigen::TensorAssignOp<Eigen::TensorMap<Eigen::Tensor<int, int=1, int=1, long>, int=16, Eigen::MakePointer>, Eigen::TensorConversionOp<int, Eigen::TensorMap<Eigen::Tensor<float const , int=1, int=1, long>, int=16, Eigen::MakePointer> const > const > const , Eigen::GpuDevice>, long>(int, int=1)
                    0.04%  30.176us         9  3.3520us  3.2320us  4.0320us  void tensorflow::functor::ColumnReduceKernel<float*, float*, tensorflow::functor::Sum<float>>(float*, float*, int, int, float, std::iterator_traits<tensorflow::functor::ColumnReduceKernel<float*, float*, tensorflow::functor::Sum<float>>>::value_type)
                    0.03%  23.617us        18  1.3120us  1.2160us  1.6320us  [CUDA memcpy DtoD]
                    0.01%  10.432us         3  3.4770us  3.4240us  3.5520us  void Eigen::internal::EigenMetaKernel<Eigen::TensorEvaluator<Eigen::TensorAssignOp<Eigen::TensorMap<Eigen::Tensor<float, int=2, int=1, int>, int=16, Eigen::MakePointer>, Eigen::TensorCwiseBinaryOp<Eigen::internal::scalar_product_op<float, float>, Eigen::TensorBroadcastingOp<Eigen::array<long, unsigned long=2> const , Eigen::TensorMap<Eigen::Tensor<float const , int=2, int=1, int>, int=16, Eigen::MakePointer> const > const , Eigen::TensorMap<Eigen::Tensor<float const , int=2, int=1, int>, int=16, Eigen::MakePointer> const > const > const , Eigen::GpuDevice>, int>(float, int=2)
                    0.01%  6.9120us         3  2.3040us  2.3040us  2.3040us  void Eigen::internal::EigenMetaKernel<Eigen::TensorEvaluator<Eigen::TensorAssignOp<Eigen::TensorMap<Eigen::Tensor<float, int=1, int=1, long>, int=16, Eigen::MakePointer>, Eigen::TensorCwiseBinaryOp<Eigen::internal::scalar_sum_op<float const , float const >, Eigen::TensorMap<Eigen::Tensor<float const , int=1, int=1, long>, int=16, Eigen::MakePointer> const , Eigen::TensorMap<Eigen::Tensor<float const , int=1, int=1, long>, int=16, Eigen::MakePointer> const > const > const , Eigen::GpuDevice>, long>(float, int=1)
                    0.00%  1.3770us         1  1.3770us  1.3770us  1.3770us  [CUDA memset]
      API calls:   97.65%  8.24133s     26545  310.47us  3.7410us  1.01049s  cudaLaunchKernel
                    1.24%  104.91ms         1  104.91ms  104.91ms  104.91ms  cudaFree
                    0.42%  35.254ms      7998  4.4070us     353ns  11.930ms  cuEventRecord
                    0.23%  19.514ms      2581  7.5600us  4.3920us  3.1937ms  cuMemcpyDtoHAsync
                    0.12%  10.066ms      1418  7.0980us  3.7970us  176.34us  cuMemcpyHtoDAsync
                    0.11%  9.3549ms      7998  1.1690us     470ns  308.07us  cudaPointerGetAttributes
                    0.08%  6.9185ms      5289  1.3080us     568ns  12.431us  cuEventQuery
                    0.05%  4.3683ms         1  4.3683ms  4.3683ms  4.3683ms  cuMemAlloc
                    0.04%  3.2946ms      3999     823ns     544ns  15.886us  cuStreamWaitEvent
                    0.02%  1.7030ms        11  154.82us  145.14us  195.29us  cuDeviceTotalMem
                    0.02%  1.2794ms       373  3.4300us     146ns  85.336us  cuDeviceGetAttribute
                    0.01%  425.29us         1  425.29us  425.29us  425.29us  cuMemHostAlloc
                    0.00%  272.47us         2  136.24us  102.83us  169.64us  cudaGetDeviceProperties
                    0.00%  192.88us        18  10.715us  5.4810us  19.397us  cudaMemcpyAsync
                    0.00%  168.74us        11  15.340us  9.6230us  49.797us  cuDeviceGetName
                    0.00%  132.63us        10  13.263us  1.3460us  102.25us  cuStreamCreate
                    0.00%  25.941us        10  2.5940us  1.3480us  9.7920us  cuDeviceGetPCIBusId
                    0.00%  24.012us         1  24.012us  24.012us  24.012us  cuMemGetInfo
                    0.00%  16.178us        11  1.4700us     277ns  3.4090us  cuCtxSetCurrent
                    0.00%  15.266us         1  15.266us  15.266us  15.266us  cuMemsetD32
                    0.00%  13.855us         3  4.6180us  4.1750us  5.0450us  cuCtxSynchronize
                    0.00%  7.5270us        12     627ns     309ns  1.5770us  cuEventCreate
                    0.00%  5.5850us        13     429ns     182ns  1.8040us  cuDeviceGet
                    0.00%  4.7350us        10     473ns     201ns  1.1650us  cuDeviceGetCount
                    0.00%  4.5810us         2  2.2900us  1.8970us  2.6840us  cuInit
                    0.00%  3.2410us        11     294ns     156ns  1.3630us  cuDriverGetVersion
                    0.00%  3.0650us         2  1.5320us  1.2440us  1.8210us  cudaSetDevice
                    0.00%  2.4570us         1  2.4570us  2.4570us  2.4570us  cudaGetDevice
                    0.00%  2.4040us         1  2.4040us  2.4040us  2.4040us  cuDevicePrimaryCtxRelease
                    0.00%  1.0310us         1  1.0310us  1.0310us  1.0310us  cudaGetDeviceCount
                    0.00%     546ns         3     182ns     141ns     247ns  cudaGetLastError
                    0.00%     458ns         2     229ns     212ns     246ns  cuDeviceGetUuid
                    0.00%     351ns         1     351ns     351ns     351ns  cuDevicePrimaryCtxGetState
                    0.00%     323ns         1     323ns     323ns     323ns  cuDevicePrimaryCtxRetain
                    0.00%     208ns         1     208ns     208ns     208ns  cuCtxGetDevice
                    0.00%     202ns         1     202ns     202ns     202ns  cuCtxGetCurrent
