==21541== NVPROF is profiling process 21541, command: python ../manual_torch.py gpu 256
/home/oguzziya/miniconda3/envs/phiflow-py36/lib/python3.6/site-packages/phi/viz/display.py:80: UserWarning: GUI is disabled because of missing dependencies: No module named 'dash_core_components'. To install all dependencies, run $ pip install phiflow[gui]
  warnings.warn('GUI is disabled because of missing dependencies: %s. To install all dependencies, run $ pip install phiflow[gui]' % import_error)
==21541== Profiling application: python ../manual_torch.py gpu 256
==21541== Profiling result:
            Type  Time(%)      Time     Calls       Avg       Min       Max  Name
 GPU activities:   97.60%  496.09ms        90  5.5121ms  5.1528ms  5.9566ms  void torch_cuda::ResampleCudaKernel<float>(unsigned int, int, unsigned int const *, unsigned int, unsigned int, unsigned int, unsigned int, float const *, float const , unsigned int const **, Boundary const *, float const *)
                    1.49%  7.5939ms        90  84.376us  75.425us  97.824us  cudapy::utils_gpu::global_to_local2d$242(Array<float, int=4, C, mutable, aligned>, Array<float, int=1, C, mutable, aligned>, Array<float, int=1, C, mutable, aligned>, __int64, Array<float, int=1, C, mutable, aligned>)
                    0.58%  2.9268ms        30  97.560us  92.801us  107.75us  cudapy::utils_gpu::semi_lagrangian_update2d$243(Array<float, int=4, C, mutable, aligned>, Array<float, int=4, C, mutable, aligned>, Array<float, int=4, C, mutable, aligned>, double, __int64)
                    0.10%  493.12us        10  49.312us  47.552us  52.512us  cudapy::utils_gpu::buoyancy2d$245(Array<float, int=4, C, mutable, aligned>, Array<float, int=4, C, mutable, aligned>, double, double, __int64)
                    0.10%  485.83us        10  48.582us  46.113us  51.745us  cudapy::utils_gpu::patch_inflow2d$244(Array<float, int=4, C, mutable, aligned>, Array<float, int=4, C, mutable, aligned>, double, __int64)
                    0.09%  445.25us       115  3.8710us     544ns  43.808us  [CUDA memcpy HtoD]
                    0.05%  252.51us        90  2.8050us  2.4000us  3.9360us  void at::native::vectorized_elementwise_kernel<int=4, at::native::FillFunctor<float>, at::detail::Array<char*, int=1>>(int, float, at::native::FillFunctor<float>)
                    0.00%  20.576us         1  20.576us  20.576us  20.576us  cudapy::utils_gpu::initialize_data2d$241(Array<float, int=4, C, mutable, aligned>, __int64)
      API calls:   82.43%  2.41208s       183  13.181ms  7.2680us  2.40034s  cudaMalloc
                   16.97%  496.66ms        90  5.5184ms  5.1596ms  5.9637ms  cudaDeviceSynchronize
                    0.18%  5.2874ms       180  29.374us  5.9790us  68.351us  cudaFree
                    0.06%  1.8021ms       180  10.011us  9.2200us  19.706us  cudaLaunchKernel
                    0.06%  1.7178ms       141  12.182us  10.913us  22.513us  cuLaunchKernel
                    0.05%  1.3439ms      2880     466ns     427ns  10.763us  cudaOccupancyMaxActiveBlocksPerMultiprocessorWithFlags
                    0.04%  1.0936ms         5  218.72us  194.60us  276.28us  cuModuleLoadDataEx
                    0.03%  934.04us        90  10.378us  9.9130us  15.075us  cudaMemcpy
                    0.03%  842.18us      2051     410ns     245ns  4.4600us  cudaGetDevice
                    0.02%  688.86us        25  27.554us  6.4220us  63.197us  cudaMemcpyAsync
                    0.02%  572.47us         5  114.49us  97.801us  148.23us  cuLinkAddData
                    0.02%  527.63us       562     938ns     426ns  2.2210us  cuPointerGetAttribute
                    0.02%  515.29us         5  103.06us  94.634us  124.25us  cuLinkComplete
                    0.02%  514.35us        25  20.574us  6.4490us  51.630us  cudaStreamSynchronize
                    0.01%  338.88us       854     396ns     185ns  2.1130us  cuCtxGetCurrent
                    0.01%  266.17us        90  2.9570us  2.8150us  3.8990us  cudaFuncGetAttributes
                    0.01%  219.10us         5  43.820us  42.209us  46.055us  cuLinkCreate
                    0.01%  204.97us         2  102.48us  99.253us  105.71us  cudaGetDeviceProperties
                    0.01%  186.28us       854     218ns     139ns     653ns  cuCtxGetDevice
                    0.01%  158.25us         1  158.25us  158.25us  158.25us  cuDeviceTotalMem
                    0.00%  132.93us       360     369ns     253ns  1.2450us  cudaDeviceGetAttribute
                    0.00%  123.26us        97  1.2700us     120ns  52.970us  cuDeviceGetAttribute
                    0.00%  51.492us         2  25.746us  24.474us  27.018us  cuDeviceGetName
                    0.00%  25.675us         1  25.675us  25.675us  25.675us  cuMemGetInfo
                    0.00%  18.495us        90     205ns     184ns     276ns  cudaGetLastError
                    0.00%  9.5780us         1  9.5780us  9.5780us  9.5780us  cuDeviceGetPCIBusId
                    0.00%  7.5760us        25     303ns     142ns     786ns  cuFuncGetAttribute
                    0.00%  7.5040us         5  1.5000us  1.4240us  1.5860us  cuLinkDestroy
                    0.00%  6.5440us         5  1.3080us  1.1680us  1.4070us  cuModuleGetFunction
                    0.00%  2.4860us         1  2.4860us  2.4860us  2.4860us  cuInit
                    0.00%  2.1170us         4     529ns     176ns     761ns  cuDeviceGetCount
                    0.00%  2.0020us         2  1.0010us     646ns  1.3560us  cudaSetDevice
                    0.00%  1.2820us         3     427ns     192ns     574ns  cuDeviceGet
                    0.00%     807ns         3     269ns     123ns     541ns  cudaGetDeviceCount
                    0.00%     761ns         1     761ns     761ns     761ns  cudaRuntimeGetVersion
                    0.00%     753ns         1     753ns     753ns     753ns  cuDevicePrimaryCtxRetain
                    0.00%     712ns         1     712ns     712ns     712ns  cuDeviceComputeCapability
                    0.00%     196ns         1     196ns     196ns     196ns  cuDeviceGetUuid
