==21511== NVPROF is profiling process 21511, command: python ../manual_torch.py gpu 64
/home/oguzziya/miniconda3/envs/phiflow-py36/lib/python3.6/site-packages/phi/viz/display.py:80: UserWarning: GUI is disabled because of missing dependencies: No module named 'dash_core_components'. To install all dependencies, run $ pip install phiflow[gui]
  warnings.warn('GUI is disabled because of missing dependencies: %s. To install all dependencies, run $ pip install phiflow[gui]' % import_error)
==21511== Profiling application: python ../manual_torch.py gpu 64
==21511== Profiling result:
            Type  Time(%)      Time     Calls       Avg       Min       Max  Name
 GPU activities:   96.12%  32.270ms        90  358.55us  344.58us  382.53us  void torch_cuda::ResampleCudaKernel<float>(unsigned int, int, unsigned int const *, unsigned int, unsigned int, unsigned int, unsigned int, float const *, float const , unsigned int const **, Boundary const *, float const *)
                    2.20%  737.99us        90  8.1990us  7.8400us  9.3120us  cudapy::utils_gpu::global_to_local2d$242(Array<float, int=4, C, mutable, aligned>, Array<float, int=1, C, mutable, aligned>, Array<float, int=1, C, mutable, aligned>, __int64, Array<float, int=1, C, mutable, aligned>)
                    0.75%  252.64us        30  8.4210us  8.1920us  9.2800us  cudapy::utils_gpu::semi_lagrangian_update2d$243(Array<float, int=4, C, mutable, aligned>, Array<float, int=4, C, mutable, aligned>, Array<float, int=4, C, mutable, aligned>, double, __int64)
                    0.36%  121.38us       115  1.0550us     576ns  4.8000us  [CUDA memcpy HtoD]
                    0.27%  89.568us        90     995ns     960ns  1.4720us  void at::native::vectorized_elementwise_kernel<int=4, at::native::FillFunctor<float>, at::detail::Array<char*, int=1>>(int, float, at::native::FillFunctor<float>)
                    0.15%  49.600us        10  4.9600us  4.7360us  5.1840us  cudapy::utils_gpu::buoyancy2d$245(Array<float, int=4, C, mutable, aligned>, Array<float, int=4, C, mutable, aligned>, double, double, __int64)
                    0.15%  49.280us        10  4.9280us  4.8000us  5.1200us  cudapy::utils_gpu::patch_inflow2d$244(Array<float, int=4, C, mutable, aligned>, Array<float, int=4, C, mutable, aligned>, double, __int64)
                    0.01%  3.2960us         1  3.2960us  3.2960us  3.2960us  cudapy::utils_gpu::initialize_data2d$241(Array<float, int=4, C, mutable, aligned>, __int64)
      API calls:   97.96%  2.37981s       181  13.148ms  7.2820us  2.36954s  cudaMalloc
                    1.35%  32.813ms        90  364.59us  350.80us  389.08us  cudaDeviceSynchronize
                    0.21%  5.1408ms       180  28.560us  5.3120us  64.009us  cudaFree
                    0.07%  1.7458ms       141  12.381us  11.122us  22.014us  cuLaunchKernel
                    0.07%  1.7131ms       180  9.5170us  8.7980us  15.118us  cudaLaunchKernel
                    0.06%  1.3454ms      2880     467ns     434ns  1.4250us  cudaOccupancyMaxActiveBlocksPerMultiprocessorWithFlags
                    0.05%  1.1461ms         5  229.21us  197.52us  305.47us  cuModuleLoadDataEx
                    0.04%  933.55us        90  10.372us  9.7610us  20.483us  cudaMemcpy
                    0.03%  796.06us      2051     388ns     247ns  5.4500us  cudaGetDevice
                    0.02%  592.27us       562  1.0530us     671ns  5.6900us  cuPointerGetAttribute
                    0.02%  565.33us         5  113.07us  96.546us  140.16us  cuLinkAddData
                    0.02%  513.78us         5  102.76us  95.628us  115.28us  cuLinkComplete
                    0.01%  310.14us       854     363ns     138ns  1.6500us  cuCtxGetCurrent
                    0.01%  260.58us        90  2.8950us  2.7540us  3.7770us  cudaFuncGetAttributes
                    0.01%  241.70us         2  120.85us  117.22us  124.48us  cudaGetDeviceProperties
                    0.01%  231.94us        25  9.2770us  5.9420us  25.820us  cudaMemcpyAsync
                    0.01%  217.30us         5  43.460us  42.648us  44.544us  cuLinkCreate
                    0.01%  205.46us        25  8.2180us  6.5040us  11.507us  cudaStreamSynchronize
                    0.01%  189.95us       854     222ns     149ns     631ns  cuCtxGetDevice
                    0.01%  189.69us         1  189.69us  189.69us  189.69us  cuDeviceTotalMem
                    0.01%  143.92us        97  1.4830us     147ns  61.492us  cuDeviceGetAttribute
                    0.01%  131.94us       360     366ns     255ns  1.0820us  cudaDeviceGetAttribute
                    0.00%  53.631us         2  26.815us  26.657us  26.974us  cuDeviceGetName
                    0.00%  25.689us         1  25.689us  25.689us  25.689us  cuMemGetInfo
                    0.00%  19.970us        90     221ns     190ns     343ns  cudaGetLastError
                    0.00%  7.6570us         1  7.6570us  7.6570us  7.6570us  cuDeviceGetPCIBusId
                    0.00%  7.1690us         5  1.4330us  1.3700us  1.5430us  cuLinkDestroy
                    0.00%  6.6030us         5  1.3200us  1.2470us  1.3730us  cuModuleGetFunction
                    0.00%  6.1550us        25     246ns     142ns     591ns  cuFuncGetAttribute
                    0.00%  2.8420us         2  1.4210us     901ns  1.9410us  cudaSetDevice
                    0.00%  2.5370us         1  2.5370us  2.5370us  2.5370us  cuInit
                    0.00%  1.7070us         4     426ns     213ns     780ns  cuDeviceGetCount
                    0.00%  1.3510us         3     450ns     165ns     778ns  cuDeviceGet
                    0.00%     980ns         3     326ns     153ns     654ns  cudaGetDeviceCount
                    0.00%     707ns         1     707ns     707ns     707ns  cudaRuntimeGetVersion
                    0.00%     684ns         1     684ns     684ns     684ns  cuDeviceComputeCapability
                    0.00%     675ns         1     675ns     675ns     675ns  cuDevicePrimaryCtxRetain
                    0.00%     247ns         1     247ns     247ns     247ns  cuDeviceGetUuid
