==21577== NVPROF is profiling process 21577, command: python ../manual_torch.py gpu 1024
/home/oguzziya/miniconda3/envs/phiflow-py36/lib/python3.6/site-packages/phi/viz/display.py:80: UserWarning: GUI is disabled because of missing dependencies: No module named 'dash_core_components'. To install all dependencies, run $ pip install phiflow[gui]
  warnings.warn('GUI is disabled because of missing dependencies: %s. To install all dependencies, run $ pip install phiflow[gui]' % import_error)
==21577== Profiling application: python ../manual_torch.py gpu 1024
==21577== Profiling result:
            Type  Time(%)      Time     Calls       Avg       Min       Max  Name
 GPU activities:   97.70%  7.92074s        90  88.008ms  87.438ms  88.522ms  void torch_cuda::ResampleCudaKernel<float>(unsigned int, int, unsigned int const *, unsigned int, unsigned int, unsigned int, unsigned int, float const *, float const , unsigned int const **, Boundary const *, float const *)
                    1.35%  109.30ms        90  1.2145ms  1.2042ms  1.2313ms  cudapy::utils_gpu::global_to_local2d$242(Array<float, int=4, C, mutable, aligned>, Array<float, int=1, C, mutable, aligned>, Array<float, int=1, C, mutable, aligned>, __int64, Array<float, int=1, C, mutable, aligned>)
                    0.58%  47.026ms        30  1.5675ms  1.5514ms  1.5938ms  cudapy::utils_gpu::semi_lagrangian_update2d$243(Array<float, int=4, C, mutable, aligned>, Array<float, int=4, C, mutable, aligned>, Array<float, int=4, C, mutable, aligned>, double, __int64)
                    0.10%  8.3568ms       115  72.668us     544ns  1.1747ms  [CUDA memcpy HtoD]
                    0.10%  8.1351ms        10  813.51us  811.21us  818.53us  cudapy::utils_gpu::buoyancy2d$245(Array<float, int=4, C, mutable, aligned>, Array<float, int=4, C, mutable, aligned>, double, double, __int64)
                    0.10%  8.0064ms        10  800.64us  795.14us  806.79us  cudapy::utils_gpu::patch_inflow2d$244(Array<float, int=4, C, mutable, aligned>, Array<float, int=4, C, mutable, aligned>, double, __int64)
                    0.07%  5.4018ms        90  60.019us  55.969us  66.880us  void at::native::vectorized_elementwise_kernel<int=4, at::native::FillFunctor<float>, at::detail::Array<char*, int=1>>(int, float, at::native::FillFunctor<float>)
                    0.00%  251.30us         1  251.30us  251.30us  251.30us  cudapy::utils_gpu::initialize_data2d$241(Array<float, int=4, C, mutable, aligned>, __int64)
      API calls:   75.49%  7.92145s        90  88.016ms  87.445ms  88.529ms  cudaDeviceSynchronize
                   22.86%  2.39881s       186  12.897ms  83.305us  2.38028s  cudaMalloc
                    1.32%  138.07ms        90  1.5341ms  955.48us  2.2426ms  cudaMemcpy
                    0.14%  14.651ms       180  81.394us  52.837us  125.16us  cudaFree
                    0.08%  8.8187ms        25  352.75us  6.6870us  1.2453ms  cudaMemcpyAsync
                    0.02%  1.9550ms       180  10.860us  9.2110us  15.461us  cudaLaunchKernel
                    0.02%  1.7630ms       141  12.503us  11.246us  26.267us  cuLaunchKernel
                    0.01%  1.3523ms      2880     469ns     434ns  1.5260us  cudaOccupancyMaxActiveBlocksPerMultiprocessorWithFlags
                    0.01%  1.2190ms        25  48.758us  6.4260us  89.264us  cudaStreamSynchronize
                    0.01%  1.0534ms         5  210.68us  192.33us  262.49us  cuModuleLoadDataEx
                    0.01%  850.76us      2051     414ns     245ns  5.3520us  cudaGetDevice
                    0.01%  570.82us         5  114.16us  100.99us  148.26us  cuLinkAddData
                    0.01%  525.42us       562     934ns     378ns  3.2100us  cuPointerGetAttribute
                    0.00%  513.71us         5  102.74us  95.874us  123.26us  cuLinkComplete
                    0.00%  313.73us       854     367ns     152ns  1.7760us  cuCtxGetCurrent
                    0.00%  268.66us        90  2.9850us  2.8370us  4.4420us  cudaFuncGetAttributes
                    0.00%  216.00us         5  43.199us  41.896us  44.416us  cuLinkCreate
                    0.00%  205.62us         2  102.81us  99.646us  105.97us  cudaGetDeviceProperties
                    0.00%  190.77us       854     223ns     140ns     636ns  cuCtxGetDevice
                    0.00%  158.91us         1  158.91us  158.91us  158.91us  cuDeviceTotalMem
                    0.00%  133.66us       360     371ns     256ns  1.1480us  cudaDeviceGetAttribute
                    0.00%  122.44us        97  1.2620us     118ns  52.880us  cuDeviceGetAttribute
                    0.00%  59.820us         2  29.910us  24.321us  35.499us  cuDeviceGetName
                    0.00%  28.415us         1  28.415us  28.415us  28.415us  cuMemGetInfo
                    0.00%  22.195us        90     246ns     211ns     371ns  cudaGetLastError
                    0.00%  7.8880us         1  7.8880us  7.8880us  7.8880us  cuDeviceGetPCIBusId
                    0.00%  7.3230us         5  1.4640us  1.3750us  1.5370us  cuLinkDestroy
                    0.00%  6.5210us        25     260ns     144ns     584ns  cuFuncGetAttribute
                    0.00%  6.0630us         5  1.2120us  1.0640us  1.3230us  cuModuleGetFunction
                    0.00%  4.4660us         3  1.4880us     208ns  3.8180us  cuDeviceGet
                    0.00%  2.4010us         1  2.4010us  2.4010us  2.4010us  cuInit
                    0.00%  2.2120us         2  1.1060us     720ns  1.4920us  cudaSetDevice
                    0.00%  2.0620us         4     515ns     147ns     750ns  cuDeviceGetCount
                    0.00%  1.0200us         3     340ns     119ns     765ns  cudaGetDeviceCount
                    0.00%     677ns         1     677ns     677ns     677ns  cuDevicePrimaryCtxRetain
                    0.00%     666ns         1     666ns     666ns     666ns  cudaRuntimeGetVersion
                    0.00%     662ns         1     662ns     662ns     662ns  cuDeviceComputeCapability
                    0.00%     203ns         1     203ns     203ns     203ns  cuDeviceGetUuid
